-- The C compiler identification is GNU 11.2.0
-- The CXX compiler identification is GNU 11.2.0
-- Detecting C compiler ABI info
-- Detecting C compiler ABI info - done
-- Check for working C compiler: /usr/bin/cc - skipped
-- Detecting C compile features
-- Detecting C compile features - done
-- Detecting CXX compiler ABI info
-- Detecting CXX compiler ABI info - done
-- Check for working CXX compiler: /usr/bin/c++ - skipped
-- Detecting CXX compile features
-- Detecting CXX compile features - done
-- Found ament_cmake: 1.3.2 (/opt/ros/humble/share/ament_cmake/cmake)
-- Found Python3: /usr/bin/python3.10 (found version "3.10.4") found components: Interpreter 
-- Override CMake install command with custom implementation using symlinks instead of copying resources
-- Found rosidl_default_generators: 1.2.0 (/opt/ros/humble/share/rosidl_default_generators/cmake)
-- Using all available rosidl_typesupport_c: rosidl_typesupport_fastrtps_c;rosidl_typesupport_introspection_c
-- Found rosidl_adapter: 3.1.3 (/opt/ros/humble/share/rosidl_adapter/cmake)
-- Using all available rosidl_typesupport_cpp: rosidl_typesupport_fastrtps_cpp;rosidl_typesupport_introspection_cpp
-- Found ament_cmake_ros: 0.10.0 (/opt/ros/humble/share/ament_cmake_ros/cmake)
-- Using all available rosidl_typesupport_c: rosidl_typesupport_fastrtps_c;rosidl_typesupport_introspection_c
-- Using all available rosidl_typesupport_cpp: rosidl_typesupport_fastrtps_cpp;rosidl_typesupport_introspection_cpp
-- Found PythonInterp: /usr/bin/python3 (found suitable version "3.10.4", minimum required is "3.6") 
-- Found python_cmake_module: 0.10.0 (/opt/ros/humble/share/python_cmake_module/cmake)
-- Found PythonLibs: /usr/lib/x86_64-linux-gnu/libpython3.10.so (found suitable version "3.10.4", minimum required is "3.5") 
-- Using PYTHON_EXECUTABLE: /usr/bin/python3
-- Using PYTHON_INCLUDE_DIRS: /usr/include/python3.10
-- Using PYTHON_LIBRARIES: /usr/lib/x86_64-linux-gnu/libpython3.10.so
-- Found PythonExtra: .so  
-- Found ament_lint_auto: 0.12.4 (/opt/ros/humble/share/ament_lint_auto/cmake)
-- Added test 'cppcheck' to perform static code analysis on C / C++ code
-- Configured cppcheck include dirs: $<BUILD_INTERFACE:/home/user/ros2_ws/src/necst-msgs/build/necst_msgs/rosidl_generator_c>;$<BUILD_INTERFACE:/home/user/ros2_ws/src/necst-msgs/build/necst_msgs/rosidl_typesupport_fastrtps_c>;$<BUILD_INTERFACE:/home/user/ros2_ws/src/necst-msgs/build/necst_msgs/rosidl_typesupport_introspection_c>;$<BUILD_INTERFACE:/home/user/ros2_ws/src/necst-msgs/build/necst_msgs/rosidl_generator_cpp>;$<BUILD_INTERFACE:/home/user/ros2_ws/src/necst-msgs/build/necst_msgs/rosidl_typesupport_fastrtps_cpp>;$<BUILD_INTERFACE:/home/user/ros2_ws/src/necst-msgs/build/necst_msgs/rosidl_typesupport_introspection_cpp>;/home/user/ros2_ws/src/necst-msgs/build/necst_msgs/rosidl_generator_c;/home/user/ros2_ws/src/necst-msgs/build/necst_msgs/rosidl_generator_py
-- Configured cppcheck exclude dirs and/or files: 
-- Added test 'flake8' to check Python code syntax and style conventions
-- Added test 'lint_cmake' to check CMake code style
-- Added test 'pep257' to check Python code against some of the docstring style conventions in PEP 257
-- Added test 'uncrustify' to check C / C++ code style
-- Configured uncrustify additional arguments: 
-- Added test 'xmllint' to check XML markup files
-- Configuring done
-- Generating done
-- Build files have been written to: /home/user/ros2_ws/src/necst-msgs/build/necst_msgs
[  1%] [34m[1mGenerating C code for ROS interfaces[0m
[  3%] [34m[1mGenerating C++ code for ROS interfaces[0m
[  3%] Built target ament_cmake_python_symlink_necst_msgs
running egg_info
creating necst_msgs.egg-info
writing necst_msgs.egg-info/PKG-INFO
writing dependency_links to necst_msgs.egg-info/dependency_links.txt
writing top-level names to necst_msgs.egg-info/top_level.txt
writing manifest file 'necst_msgs.egg-info/SOURCES.txt'
reading manifest file 'necst_msgs.egg-info/SOURCES.txt'
writing manifest file 'necst_msgs.egg-info/SOURCES.txt'
[  3%] Built target ament_cmake_python_build_necst_msgs_egg
[  3%] Built target necst_msgs__cpp
[  5%] [34m[1mGenerating C++ type support for eProsima Fast-RTPS[0m
[  7%] [34m[1mGenerating C++ introspection for ROS interfaces[0m
[  9%] [34m[1mGenerating C++ type support dispatch for ROS interfaces[0m
[ 12%] [32mBuilding C object CMakeFiles/necst_msgs__rosidl_generator_c.dir/rosidl_generator_c/necst_msgs/msg/detail/pid_msg__functions.c.o[0m
[ 12%] [32mBuilding C object CMakeFiles/necst_msgs__rosidl_generator_c.dir/rosidl_generator_c/necst_msgs/msg/detail/coord_msg__functions.c.o[0m
[ 14%] [32mBuilding C object CMakeFiles/necst_msgs__rosidl_generator_c.dir/rosidl_generator_c/necst_msgs/msg/detail/timed_float64__functions.c.o[0m
[ 16%] [32mBuilding C object CMakeFiles/necst_msgs__rosidl_generator_c.dir/rosidl_generator_c/necst_msgs/srv/detail/authority_srv__functions.c.o[0m
[ 18%] [32m[1mLinking C shared library libnecst_msgs__rosidl_generator_c.so[0m
[ 18%] Built target necst_msgs__rosidl_generator_c
[ 23%] [34m[1mGenerating C type support for eProsima Fast-RTPS[0m
[ 23%] [34m[1mGenerating C type support dispatch for ROS interfaces[0m
[ 23%] [34m[1mGenerating C introspection for ROS interfaces[0m
[ 25%] [32mBuilding CXX object CMakeFiles/necst_msgs__rosidl_typesupport_cpp.dir/rosidl_typesupport_cpp/necst_msgs/msg/coord_msg__type_support.cpp.o[0m
[ 27%] [32mBuilding CXX object CMakeFiles/necst_msgs__rosidl_typesupport_cpp.dir/rosidl_typesupport_cpp/necst_msgs/msg/timed_float64__type_support.cpp.o[0m
[ 29%] [32mBuilding CXX object CMakeFiles/necst_msgs__rosidl_typesupport_cpp.dir/rosidl_typesupport_cpp/necst_msgs/msg/pid_msg__type_support.cpp.o[0m
[ 30%] [32mBuilding CXX object CMakeFiles/necst_msgs__rosidl_typesupport_introspection_cpp.dir/rosidl_typesupport_introspection_cpp/necst_msgs/msg/detail/coord_msg__type_support.cpp.o[0m
[ 32%] [32mBuilding CXX object CMakeFiles/necst_msgs__rosidl_typesupport_c.dir/rosidl_typesupport_c/necst_msgs/msg/coord_msg__type_support.cpp.o[0m
[ 34%] [32mBuilding CXX object CMakeFiles/necst_msgs__rosidl_typesupport_fastrtps_cpp.dir/rosidl_typesupport_fastrtps_cpp/necst_msgs/msg/detail/dds_fastrtps/coord_msg__type_support.cpp.o[0m
[ 36%] [32mBuilding CXX object CMakeFiles/necst_msgs__rosidl_typesupport_c.dir/rosidl_typesupport_c/necst_msgs/msg/pid_msg__type_support.cpp.o[0m
[ 38%] [32mBuilding CXX object CMakeFiles/necst_msgs__rosidl_typesupport_c.dir/rosidl_typesupport_c/necst_msgs/msg/timed_float64__type_support.cpp.o[0m
[ 40%] [32mBuilding CXX object CMakeFiles/necst_msgs__rosidl_typesupport_c.dir/rosidl_typesupport_c/necst_msgs/srv/authority_srv__type_support.cpp.o[0m
[ 41%] [32mBuilding CXX object CMakeFiles/necst_msgs__rosidl_typesupport_cpp.dir/rosidl_typesupport_cpp/necst_msgs/srv/authority_srv__type_support.cpp.o[0m
[ 43%] [32mBuilding CXX object CMakeFiles/necst_msgs__rosidl_typesupport_fastrtps_cpp.dir/rosidl_typesupport_fastrtps_cpp/necst_msgs/msg/detail/dds_fastrtps/pid_msg__type_support.cpp.o[0m
[ 45%] [32m[1mLinking CXX shared library libnecst_msgs__rosidl_typesupport_c.so[0m
[ 47%] [32mBuilding C object CMakeFiles/necst_msgs__rosidl_typesupport_introspection_c.dir/rosidl_typesupport_introspection_c/necst_msgs/msg/detail/coord_msg__type_support.c.o[0m
[ 49%] [32mBuilding CXX object CMakeFiles/necst_msgs__rosidl_typesupport_introspection_cpp.dir/rosidl_typesupport_introspection_cpp/necst_msgs/msg/detail/pid_msg__type_support.cpp.o[0m
[ 49%] Built target necst_msgs__rosidl_typesupport_c
[ 50%] [32mBuilding C object CMakeFiles/necst_msgs__rosidl_typesupport_introspection_c.dir/rosidl_typesupport_introspection_c/necst_msgs/msg/detail/pid_msg__type_support.c.o[0m
[ 52%] [32mBuilding CXX object CMakeFiles/necst_msgs__rosidl_typesupport_fastrtps_c.dir/rosidl_typesupport_fastrtps_c/necst_msgs/msg/detail/coord_msg__type_support_c.cpp.o[0m
[ 54%] [32mBuilding C object CMakeFiles/necst_msgs__rosidl_typesupport_introspection_c.dir/rosidl_typesupport_introspection_c/necst_msgs/msg/detail/timed_float64__type_support.c.o[0m
[ 56%] [32mBuilding CXX object CMakeFiles/necst_msgs__rosidl_typesupport_fastrtps_c.dir/rosidl_typesupport_fastrtps_c/necst_msgs/msg/detail/pid_msg__type_support_c.cpp.o[0m
[ 58%] [32mBuilding C object CMakeFiles/necst_msgs__rosidl_typesupport_introspection_c.dir/rosidl_typesupport_introspection_c/necst_msgs/srv/detail/authority_srv__type_support.c.o[0m
[ 60%] [32mBuilding CXX object CMakeFiles/necst_msgs__rosidl_typesupport_introspection_cpp.dir/rosidl_typesupport_introspection_cpp/necst_msgs/msg/detail/timed_float64__type_support.cpp.o[0m
[ 61%] [32m[1mLinking C shared library libnecst_msgs__rosidl_typesupport_introspection_c.so[0m
[ 63%] [32m[1mLinking CXX shared library libnecst_msgs__rosidl_typesupport_cpp.so[0m
[ 63%] Built target necst_msgs__rosidl_typesupport_cpp
[ 65%] [32mBuilding CXX object CMakeFiles/necst_msgs__rosidl_typesupport_fastrtps_cpp.dir/rosidl_typesupport_fastrtps_cpp/necst_msgs/msg/detail/dds_fastrtps/timed_float64__type_support.cpp.o[0m
[ 65%] Built target necst_msgs__rosidl_typesupport_introspection_c
[ 67%] [32mBuilding CXX object CMakeFiles/necst_msgs__rosidl_typesupport_introspection_cpp.dir/rosidl_typesupport_introspection_cpp/necst_msgs/srv/detail/authority_srv__type_support.cpp.o[0m
[ 69%] [32mBuilding CXX object CMakeFiles/necst_msgs__rosidl_typesupport_fastrtps_cpp.dir/rosidl_typesupport_fastrtps_cpp/necst_msgs/srv/detail/dds_fastrtps/authority_srv__type_support.cpp.o[0m
[ 70%] [32mBuilding CXX object CMakeFiles/necst_msgs__rosidl_typesupport_fastrtps_c.dir/rosidl_typesupport_fastrtps_c/necst_msgs/srv/detail/authority_srv__type_support_c.cpp.o[0m
[ 72%] [32mBuilding CXX object CMakeFiles/necst_msgs__rosidl_typesupport_fastrtps_c.dir/rosidl_typesupport_fastrtps_c/necst_msgs/msg/detail/timed_float64__type_support_c.cpp.o[0m
[ 74%] [32m[1mLinking CXX shared library libnecst_msgs__rosidl_typesupport_fastrtps_cpp.so[0m
[ 76%] [32m[1mLinking CXX shared library libnecst_msgs__rosidl_typesupport_introspection_cpp.so[0m
[ 76%] Built target necst_msgs__rosidl_typesupport_fastrtps_cpp
[ 78%] [32m[1mLinking CXX shared library libnecst_msgs__rosidl_typesupport_fastrtps_c.so[0m
[ 78%] Built target necst_msgs__rosidl_typesupport_introspection_cpp
[ 78%] Built target necst_msgs__rosidl_typesupport_fastrtps_c
[ 78%] Built target necst_msgs
[ 80%] [34m[1mGenerating Python code for ROS interfaces[0m
[ 80%] Built target necst_msgs__py
[ 85%] [32mBuilding C object CMakeFiles/necst_msgs__rosidl_generator_py.dir/rosidl_generator_py/necst_msgs/msg/_coord_msg_s.c.o[0m
[ 85%] [32mBuilding C object CMakeFiles/necst_msgs__rosidl_generator_py.dir/rosidl_generator_py/necst_msgs/srv/_authority_srv_s.c.o[0m
[ 85%] [32mBuilding C object CMakeFiles/necst_msgs__rosidl_generator_py.dir/rosidl_generator_py/necst_msgs/msg/_pid_msg_s.c.o[0m
[ 87%] [32mBuilding C object CMakeFiles/necst_msgs__rosidl_generator_py.dir/rosidl_generator_py/necst_msgs/msg/_timed_float64_s.c.o[0m
[ 89%] [32m[1mLinking C shared library rosidl_generator_py/necst_msgs/libnecst_msgs__rosidl_generator_py.so[0m
[ 89%] Built target necst_msgs__rosidl_generator_py
[ 94%] [32mBuilding C object CMakeFiles/necst_msgs__rosidl_typesupport_c__pyext.dir/rosidl_generator_py/necst_msgs/_necst_msgs_s.ep.rosidl_typesupport_c.c.o[0m
[ 94%] [32mBuilding C object CMakeFiles/necst_msgs__rosidl_typesupport_introspection_c__pyext.dir/rosidl_generator_py/necst_msgs/_necst_msgs_s.ep.rosidl_typesupport_introspection_c.c.o[0m
[ 94%] [32mBuilding C object CMakeFiles/necst_msgs__rosidl_typesupport_fastrtps_c__pyext.dir/rosidl_generator_py/necst_msgs/_necst_msgs_s.ep.rosidl_typesupport_fastrtps_c.c.o[0m
[ 98%] [32m[1mLinking C shared library rosidl_generator_py/necst_msgs/necst_msgs_s__rosidl_typesupport_c.cpython-310-x86_64-linux-gnu.so[0m
[ 98%] [32m[1mLinking C shared library rosidl_generator_py/necst_msgs/necst_msgs_s__rosidl_typesupport_introspection_c.cpython-310-x86_64-linux-gnu.so[0m
[100%] [32m[1mLinking C shared library rosidl_generator_py/necst_msgs/necst_msgs_s__rosidl_typesupport_fastrtps_c.cpython-310-x86_64-linux-gnu.so[0m
[100%] Built target necst_msgs__rosidl_typesupport_introspection_c__pyext
[100%] Built target necst_msgs__rosidl_typesupport_c__pyext
[100%] Built target necst_msgs__rosidl_typesupport_fastrtps_c__pyext
-- Install configuration: ""
-- Execute custom install script
-- Symlinking: /home/user/ros2_ws/src/necst-msgs/install/necst_msgs/share/ament_index/resource_index/rosidl_interfaces/necst_msgs
-- Symlinking: /home/user/ros2_ws/src/necst-msgs/install/necst_msgs/include/necst_msgs/necst_msgs/msg/coord_msg.h
-- Symlinking: /home/user/ros2_ws/src/necst-msgs/install/necst_msgs/include/necst_msgs/necst_msgs/msg/detail/coord_msg__functions.h
-- Symlinking: /home/user/ros2_ws/src/necst-msgs/install/necst_msgs/include/necst_msgs/necst_msgs/msg/detail/coord_msg__struct.h
-- Symlinking: /home/user/ros2_ws/src/necst-msgs/install/necst_msgs/include/necst_msgs/necst_msgs/msg/detail/coord_msg__type_support.h
-- Symlinking: /home/user/ros2_ws/src/necst-msgs/install/necst_msgs/include/necst_msgs/necst_msgs/msg/detail/pid_msg__functions.h
-- Symlinking: /home/user/ros2_ws/src/necst-msgs/install/necst_msgs/include/necst_msgs/necst_msgs/msg/detail/pid_msg__struct.h
-- Symlinking: /home/user/ros2_ws/src/necst-msgs/install/necst_msgs/include/necst_msgs/necst_msgs/msg/detail/pid_msg__type_support.h
-- Symlinking: /home/user/ros2_ws/src/necst-msgs/install/necst_msgs/include/necst_msgs/necst_msgs/msg/detail/timed_float64__functions.h
-- Symlinking: /home/user/ros2_ws/src/necst-msgs/install/necst_msgs/include/necst_msgs/necst_msgs/msg/detail/timed_float64__struct.h
-- Symlinking: /home/user/ros2_ws/src/necst-msgs/install/necst_msgs/include/necst_msgs/necst_msgs/msg/detail/timed_float64__type_support.h
-- Symlinking: /home/user/ros2_ws/src/necst-msgs/install/necst_msgs/include/necst_msgs/necst_msgs/msg/pid_msg.h
-- Symlinking: /home/user/ros2_ws/src/necst-msgs/install/necst_msgs/include/necst_msgs/necst_msgs/msg/rosidl_generator_c__visibility_control.h
-- Symlinking: /home/user/ros2_ws/src/necst-msgs/install/necst_msgs/include/necst_msgs/necst_msgs/msg/timed_float64.h
-- Symlinking: /home/user/ros2_ws/src/necst-msgs/install/necst_msgs/include/necst_msgs/necst_msgs/srv/authority_srv.h
-- Symlinking: /home/user/ros2_ws/src/necst-msgs/install/necst_msgs/include/necst_msgs/necst_msgs/srv/detail/authority_srv__functions.h
-- Symlinking: /home/user/ros2_ws/src/necst-msgs/install/necst_msgs/include/necst_msgs/necst_msgs/srv/detail/authority_srv__struct.h
-- Symlinking: /home/user/ros2_ws/src/necst-msgs/install/necst_msgs/include/necst_msgs/necst_msgs/srv/detail/authority_srv__type_support.h
-- Symlinking: /home/user/ros2_ws/src/necst-msgs/install/necst_msgs/share/necst_msgs/environment/library_path.sh
-- Symlinking: /home/user/ros2_ws/src/necst-msgs/install/necst_msgs/share/necst_msgs/environment/library_path.dsv
-- Symlinking: /home/user/ros2_ws/src/necst-msgs/install/necst_msgs/include/necst_msgs/necst_msgs/msg/detail/coord_msg__rosidl_typesupport_fastrtps_c.h
-- Symlinking: /home/user/ros2_ws/src/necst-msgs/install/necst_msgs/include/necst_msgs/necst_msgs/msg/detail/pid_msg__rosidl_typesupport_fastrtps_c.h
-- Symlinking: /home/user/ros2_ws/src/necst-msgs/install/necst_msgs/include/necst_msgs/necst_msgs/msg/detail/timed_float64__rosidl_typesupport_fastrtps_c.h
-- Symlinking: /home/user/ros2_ws/src/necst-msgs/install/necst_msgs/include/necst_msgs/necst_msgs/msg/rosidl_typesupport_fastrtps_c__visibility_control.h
-- Symlinking: /home/user/ros2_ws/src/necst-msgs/install/necst_msgs/include/necst_msgs/necst_msgs/srv/detail/authority_srv__rosidl_typesupport_fastrtps_c.h
-- Symlinking: /home/user/ros2_ws/src/necst-msgs/install/necst_msgs/include/necst_msgs/necst_msgs/msg/detail/coord_msg__rosidl_typesupport_introspection_c.h
-- Symlinking: /home/user/ros2_ws/src/necst-msgs/install/necst_msgs/include/necst_msgs/necst_msgs/msg/detail/pid_msg__rosidl_typesupport_introspection_c.h
-- Symlinking: /home/user/ros2_ws/src/necst-msgs/install/necst_msgs/include/necst_msgs/necst_msgs/msg/detail/timed_float64__rosidl_typesupport_introspection_c.h
-- Symlinking: /home/user/ros2_ws/src/necst-msgs/install/necst_msgs/include/necst_msgs/necst_msgs/msg/rosidl_typesupport_introspection_c__visibility_control.h
-- Symlinking: /home/user/ros2_ws/src/necst-msgs/install/necst_msgs/include/necst_msgs/necst_msgs/srv/detail/authority_srv__rosidl_typesupport_introspection_c.h
-- Symlinking: /home/user/ros2_ws/src/necst-msgs/install/necst_msgs/include/necst_msgs/necst_msgs/msg/coord_msg.hpp
-- Symlinking: /home/user/ros2_ws/src/necst-msgs/install/necst_msgs/include/necst_msgs/necst_msgs/msg/detail/coord_msg__builder.hpp
-- Symlinking: /home/user/ros2_ws/src/necst-msgs/install/necst_msgs/include/necst_msgs/necst_msgs/msg/detail/coord_msg__struct.hpp
-- Symlinking: /home/user/ros2_ws/src/necst-msgs/install/necst_msgs/include/necst_msgs/necst_msgs/msg/detail/coord_msg__traits.hpp
-- Symlinking: /home/user/ros2_ws/src/necst-msgs/install/necst_msgs/include/necst_msgs/necst_msgs/msg/detail/pid_msg__builder.hpp
-- Symlinking: /home/user/ros2_ws/src/necst-msgs/install/necst_msgs/include/necst_msgs/necst_msgs/msg/detail/pid_msg__struct.hpp
-- Symlinking: /home/user/ros2_ws/src/necst-msgs/install/necst_msgs/include/necst_msgs/necst_msgs/msg/detail/pid_msg__traits.hpp
-- Symlinking: /home/user/ros2_ws/src/necst-msgs/install/necst_msgs/include/necst_msgs/necst_msgs/msg/detail/timed_float64__builder.hpp
-- Symlinking: /home/user/ros2_ws/src/necst-msgs/install/necst_msgs/include/necst_msgs/necst_msgs/msg/detail/timed_float64__struct.hpp
-- Symlinking: /home/user/ros2_ws/src/necst-msgs/install/necst_msgs/include/necst_msgs/necst_msgs/msg/detail/timed_float64__traits.hpp
-- Symlinking: /home/user/ros2_ws/src/necst-msgs/install/necst_msgs/include/necst_msgs/necst_msgs/msg/pid_msg.hpp
-- Symlinking: /home/user/ros2_ws/src/necst-msgs/install/necst_msgs/include/necst_msgs/necst_msgs/msg/timed_float64.hpp
-- Symlinking: /home/user/ros2_ws/src/necst-msgs/install/necst_msgs/include/necst_msgs/necst_msgs/srv/authority_srv.hpp
-- Symlinking: /home/user/ros2_ws/src/necst-msgs/install/necst_msgs/include/necst_msgs/necst_msgs/srv/detail/authority_srv__builder.hpp
-- Symlinking: /home/user/ros2_ws/src/necst-msgs/install/necst_msgs/include/necst_msgs/necst_msgs/srv/detail/authority_srv__struct.hpp
-- Symlinking: /home/user/ros2_ws/src/necst-msgs/install/necst_msgs/include/necst_msgs/necst_msgs/srv/detail/authority_srv__traits.hpp
-- Symlinking: /home/user/ros2_ws/src/necst-msgs/install/necst_msgs/include/necst_msgs/necst_msgs/msg/detail/coord_msg__rosidl_typesupport_fastrtps_cpp.hpp
-- Symlinking: /home/user/ros2_ws/src/necst-msgs/install/necst_msgs/include/necst_msgs/necst_msgs/msg/detail/pid_msg__rosidl_typesupport_fastrtps_cpp.hpp
-- Symlinking: /home/user/ros2_ws/src/necst-msgs/install/necst_msgs/include/necst_msgs/necst_msgs/msg/detail/timed_float64__rosidl_typesupport_fastrtps_cpp.hpp
-- Symlinking: /home/user/ros2_ws/src/necst-msgs/install/necst_msgs/include/necst_msgs/necst_msgs/msg/rosidl_typesupport_fastrtps_cpp__visibility_control.h
-- Symlinking: /home/user/ros2_ws/src/necst-msgs/install/necst_msgs/include/necst_msgs/necst_msgs/srv/detail/authority_srv__rosidl_typesupport_fastrtps_cpp.hpp
-- Symlinking: /home/user/ros2_ws/src/necst-msgs/install/necst_msgs/include/necst_msgs/necst_msgs/msg/detail/coord_msg__rosidl_typesupport_introspection_cpp.hpp
-- Symlinking: /home/user/ros2_ws/src/necst-msgs/install/necst_msgs/include/necst_msgs/necst_msgs/msg/detail/pid_msg__rosidl_typesupport_introspection_cpp.hpp
-- Symlinking: /home/user/ros2_ws/src/necst-msgs/install/necst_msgs/include/necst_msgs/necst_msgs/msg/detail/timed_float64__rosidl_typesupport_introspection_cpp.hpp
-- Symlinking: /home/user/ros2_ws/src/necst-msgs/install/necst_msgs/include/necst_msgs/necst_msgs/srv/detail/authority_srv__rosidl_typesupport_introspection_cpp.hpp
-- Symlinking: /home/user/ros2_ws/src/necst-msgs/install/necst_msgs/share/necst_msgs/environment/pythonpath.sh
-- Symlinking: /home/user/ros2_ws/src/necst-msgs/install/necst_msgs/share/necst_msgs/environment/pythonpath.dsv
-- Symlinking: /home/user/ros2_ws/src/necst-msgs/install/necst_msgs/local/lib/python3.10/dist-packages/necst_msgs-0.1.0-py3.10.egg-info/PKG-INFO
-- Symlinking: /home/user/ros2_ws/src/necst-msgs/install/necst_msgs/local/lib/python3.10/dist-packages/necst_msgs-0.1.0-py3.10.egg-info/SOURCES.txt
-- Symlinking: /home/user/ros2_ws/src/necst-msgs/install/necst_msgs/local/lib/python3.10/dist-packages/necst_msgs-0.1.0-py3.10.egg-info/dependency_links.txt
-- Symlinking: /home/user/ros2_ws/src/necst-msgs/install/necst_msgs/local/lib/python3.10/dist-packages/necst_msgs-0.1.0-py3.10.egg-info/top_level.txt
-- Symlinking: /home/user/ros2_ws/src/necst-msgs/install/necst_msgs/local/lib/python3.10/dist-packages/necst_msgs/__init__.py
-- Symlinking: /home/user/ros2_ws/src/necst-msgs/install/necst_msgs/local/lib/python3.10/dist-packages/necst_msgs/_necst_msgs_s.ep.rosidl_typesupport_c.c
-- Symlinking: /home/user/ros2_ws/src/necst-msgs/install/necst_msgs/local/lib/python3.10/dist-packages/necst_msgs/_necst_msgs_s.ep.rosidl_typesupport_fastrtps_c.c
-- Symlinking: /home/user/ros2_ws/src/necst-msgs/install/necst_msgs/local/lib/python3.10/dist-packages/necst_msgs/_necst_msgs_s.ep.rosidl_typesupport_introspection_c.c
-- Symlinking: /home/user/ros2_ws/src/necst-msgs/install/necst_msgs/local/lib/python3.10/dist-packages/necst_msgs/libnecst_msgs__rosidl_generator_py.so
-- Symlinking: /home/user/ros2_ws/src/necst-msgs/install/necst_msgs/local/lib/python3.10/dist-packages/necst_msgs/msg/__init__.py
-- Symlinking: /home/user/ros2_ws/src/necst-msgs/install/necst_msgs/local/lib/python3.10/dist-packages/necst_msgs/msg/_coord_msg.py
-- Symlinking: /home/user/ros2_ws/src/necst-msgs/install/necst_msgs/local/lib/python3.10/dist-packages/necst_msgs/msg/_coord_msg_s.c
-- Symlinking: /home/user/ros2_ws/src/necst-msgs/install/necst_msgs/local/lib/python3.10/dist-packages/necst_msgs/msg/_pid_msg.py
-- Symlinking: /home/user/ros2_ws/src/necst-msgs/install/necst_msgs/local/lib/python3.10/dist-packages/necst_msgs/msg/_pid_msg_s.c
-- Symlinking: /home/user/ros2_ws/src/necst-msgs/install/necst_msgs/local/lib/python3.10/dist-packages/necst_msgs/msg/_timed_float64.py
-- Symlinking: /home/user/ros2_ws/src/necst-msgs/install/necst_msgs/local/lib/python3.10/dist-packages/necst_msgs/msg/_timed_float64_s.c
-- Symlinking: /home/user/ros2_ws/src/necst-msgs/install/necst_msgs/local/lib/python3.10/dist-packages/necst_msgs/necst_msgs_s__rosidl_typesupport_c.cpython-310-x86_64-linux-gnu.so
-- Symlinking: /home/user/ros2_ws/src/necst-msgs/install/necst_msgs/local/lib/python3.10/dist-packages/necst_msgs/necst_msgs_s__rosidl_typesupport_fastrtps_c.cpython-310-x86_64-linux-gnu.so
-- Symlinking: /home/user/ros2_ws/src/necst-msgs/install/necst_msgs/local/lib/python3.10/dist-packages/necst_msgs/necst_msgs_s__rosidl_typesupport_introspection_c.cpython-310-x86_64-linux-gnu.so
-- Symlinking: /home/user/ros2_ws/src/necst-msgs/install/necst_msgs/local/lib/python3.10/dist-packages/necst_msgs/srv/__init__.py
-- Symlinking: /home/user/ros2_ws/src/necst-msgs/install/necst_msgs/local/lib/python3.10/dist-packages/necst_msgs/srv/_authority_srv.py
-- Symlinking: /home/user/ros2_ws/src/necst-msgs/install/necst_msgs/local/lib/python3.10/dist-packages/necst_msgs/srv/_authority_srv_s.c
-- Up-to-date symlink: /home/user/ros2_ws/src/necst-msgs/install/necst_msgs/local/lib/python3.10/dist-packages/necst_msgs/necst_msgs_s__rosidl_typesupport_fastrtps_c.cpython-310-x86_64-linux-gnu.so
-- Up-to-date symlink: /home/user/ros2_ws/src/necst-msgs/install/necst_msgs/local/lib/python3.10/dist-packages/necst_msgs/necst_msgs_s__rosidl_typesupport_introspection_c.cpython-310-x86_64-linux-gnu.so
-- Up-to-date symlink: /home/user/ros2_ws/src/necst-msgs/install/necst_msgs/local/lib/python3.10/dist-packages/necst_msgs/necst_msgs_s__rosidl_typesupport_c.cpython-310-x86_64-linux-gnu.so
-- Symlinking: /home/user/ros2_ws/src/necst-msgs/install/necst_msgs/share/necst_msgs/msg/CoordMsg.idl
-- Symlinking: /home/user/ros2_ws/src/necst-msgs/install/necst_msgs/share/necst_msgs/msg/PIDMsg.idl
-- Symlinking: /home/user/ros2_ws/src/necst-msgs/install/necst_msgs/share/necst_msgs/msg/TimedFloat64.idl
-- Symlinking: /home/user/ros2_ws/src/necst-msgs/install/necst_msgs/share/necst_msgs/srv/AuthoritySrv.idl
-- Symlinking: /home/user/ros2_ws/src/necst-msgs/install/necst_msgs/share/necst_msgs/msg/CoordMsg.msg
-- Symlinking: /home/user/ros2_ws/src/necst-msgs/install/necst_msgs/share/necst_msgs/msg/PIDMsg.msg
-- Symlinking: /home/user/ros2_ws/src/necst-msgs/install/necst_msgs/share/necst_msgs/msg/TimedFloat64.msg
-- Symlinking: /home/user/ros2_ws/src/necst-msgs/install/necst_msgs/share/necst_msgs/srv/AuthoritySrv.srv
-- Symlinking: /home/user/ros2_ws/src/necst-msgs/install/necst_msgs/share/necst_msgs/srv/AuthoritySrv_Request.msg
-- Symlinking: /home/user/ros2_ws/src/necst-msgs/install/necst_msgs/share/necst_msgs/srv/AuthoritySrv_Response.msg
-- Symlinking: /home/user/ros2_ws/src/necst-msgs/install/necst_msgs/share/ament_index/resource_index/package_run_dependencies/necst_msgs
-- Symlinking: /home/user/ros2_ws/src/necst-msgs/install/necst_msgs/share/ament_index/resource_index/parent_prefix_path/necst_msgs
-- Symlinking: /home/user/ros2_ws/src/necst-msgs/install/necst_msgs/share/necst_msgs/environment/ament_prefix_path.sh
-- Symlinking: /home/user/ros2_ws/src/necst-msgs/install/necst_msgs/share/necst_msgs/environment/ament_prefix_path.dsv
-- Symlinking: /home/user/ros2_ws/src/necst-msgs/install/necst_msgs/share/necst_msgs/environment/path.sh
-- Symlinking: /home/user/ros2_ws/src/necst-msgs/install/necst_msgs/share/necst_msgs/environment/path.dsv
-- Symlinking: /home/user/ros2_ws/src/necst-msgs/install/necst_msgs/share/necst_msgs/local_setup.bash
-- Symlinking: /home/user/ros2_ws/src/necst-msgs/install/necst_msgs/share/necst_msgs/local_setup.sh
-- Symlinking: /home/user/ros2_ws/src/necst-msgs/install/necst_msgs/share/necst_msgs/local_setup.zsh
-- Symlinking: /home/user/ros2_ws/src/necst-msgs/install/necst_msgs/share/necst_msgs/local_setup.dsv
-- Symlinking: /home/user/ros2_ws/src/necst-msgs/install/necst_msgs/share/necst_msgs/package.dsv
-- Symlinking: /home/user/ros2_ws/src/necst-msgs/install/necst_msgs/share/ament_index/resource_index/packages/necst_msgs
-- Symlinking: /home/user/ros2_ws/src/necst-msgs/install/necst_msgs/share/necst_msgs/cmake/rosidl_cmake-extras.cmake
-- Symlinking: /home/user/ros2_ws/src/necst-msgs/install/necst_msgs/share/necst_msgs/cmake/ament_cmake_export_include_directories-extras.cmake
-- Symlinking: /home/user/ros2_ws/src/necst-msgs/install/necst_msgs/share/necst_msgs/cmake/ament_cmake_export_libraries-extras.cmake
-- Symlinking: /home/user/ros2_ws/src/necst-msgs/install/necst_msgs/share/necst_msgs/cmake/ament_cmake_export_targets-extras.cmake
-- Symlinking: /home/user/ros2_ws/src/necst-msgs/install/necst_msgs/share/necst_msgs/cmake/rosidl_cmake_export_typesupport_targets-extras.cmake
-- Symlinking: /home/user/ros2_ws/src/necst-msgs/install/necst_msgs/share/necst_msgs/cmake/ament_cmake_export_dependencies-extras.cmake
-- Symlinking: /home/user/ros2_ws/src/necst-msgs/install/necst_msgs/share/necst_msgs/cmake/rosidl_cmake_export_typesupport_libraries-extras.cmake
-- Symlinking: /home/user/ros2_ws/src/necst-msgs/install/necst_msgs/share/necst_msgs/cmake/necst_msgsConfig.cmake
-- Symlinking: /home/user/ros2_ws/src/necst-msgs/install/necst_msgs/share/necst_msgs/cmake/necst_msgsConfig-version.cmake
-- Symlinking: /home/user/ros2_ws/src/necst-msgs/install/necst_msgs/share/necst_msgs/package.xml
-- Installing: /home/user/ros2_ws/src/necst-msgs/install/necst_msgs/lib/libnecst_msgs__rosidl_generator_c.so
-- Set runtime path of "/home/user/ros2_ws/src/necst-msgs/install/necst_msgs/lib/libnecst_msgs__rosidl_generator_c.so" to ""
-- Installing: /home/user/ros2_ws/src/necst-msgs/install/necst_msgs/lib/libnecst_msgs__rosidl_typesupport_fastrtps_c.so
-- Set runtime path of "/home/user/ros2_ws/src/necst-msgs/install/necst_msgs/lib/libnecst_msgs__rosidl_typesupport_fastrtps_c.so" to ""
-- Installing: /home/user/ros2_ws/src/necst-msgs/install/necst_msgs/lib/libnecst_msgs__rosidl_typesupport_introspection_c.so
-- Set runtime path of "/home/user/ros2_ws/src/necst-msgs/install/necst_msgs/lib/libnecst_msgs__rosidl_typesupport_introspection_c.so" to ""
-- Installing: /home/user/ros2_ws/src/necst-msgs/install/necst_msgs/lib/libnecst_msgs__rosidl_typesupport_c.so
-- Set runtime path of "/home/user/ros2_ws/src/necst-msgs/install/necst_msgs/lib/libnecst_msgs__rosidl_typesupport_c.so" to ""
-- Installing: /home/user/ros2_ws/src/necst-msgs/install/necst_msgs/lib/libnecst_msgs__rosidl_typesupport_fastrtps_cpp.so
-- Set runtime path of "/home/user/ros2_ws/src/necst-msgs/install/necst_msgs/lib/libnecst_msgs__rosidl_typesupport_fastrtps_cpp.so" to ""
-- Installing: /home/user/ros2_ws/src/necst-msgs/install/necst_msgs/lib/libnecst_msgs__rosidl_typesupport_introspection_cpp.so
-- Set runtime path of "/home/user/ros2_ws/src/necst-msgs/install/necst_msgs/lib/libnecst_msgs__rosidl_typesupport_introspection_cpp.so" to ""
-- Installing: /home/user/ros2_ws/src/necst-msgs/install/necst_msgs/lib/libnecst_msgs__rosidl_typesupport_cpp.so
-- Set runtime path of "/home/user/ros2_ws/src/necst-msgs/install/necst_msgs/lib/libnecst_msgs__rosidl_typesupport_cpp.so" to ""
Listing '/home/user/ros2_ws/src/necst-msgs/install/necst_msgs/local/lib/python3.10/dist-packages/necst_msgs'...
Compiling '/home/user/ros2_ws/src/necst-msgs/install/necst_msgs/local/lib/python3.10/dist-packages/necst_msgs/__init__.py'...
Listing '/home/user/ros2_ws/src/necst-msgs/install/necst_msgs/local/lib/python3.10/dist-packages/necst_msgs/msg'...
Compiling '/home/user/ros2_ws/src/necst-msgs/install/necst_msgs/local/lib/python3.10/dist-packages/necst_msgs/msg/__init__.py'...
Compiling '/home/user/ros2_ws/src/necst-msgs/install/necst_msgs/local/lib/python3.10/dist-packages/necst_msgs/msg/_coord_msg.py'...
Compiling '/home/user/ros2_ws/src/necst-msgs/install/necst_msgs/local/lib/python3.10/dist-packages/necst_msgs/msg/_pid_msg.py'...
Compiling '/home/user/ros2_ws/src/necst-msgs/install/necst_msgs/local/lib/python3.10/dist-packages/necst_msgs/msg/_timed_float64.py'...
Listing '/home/user/ros2_ws/src/necst-msgs/install/necst_msgs/local/lib/python3.10/dist-packages/necst_msgs/srv'...
Compiling '/home/user/ros2_ws/src/necst-msgs/install/necst_msgs/local/lib/python3.10/dist-packages/necst_msgs/srv/__init__.py'...
Compiling '/home/user/ros2_ws/src/necst-msgs/install/necst_msgs/local/lib/python3.10/dist-packages/necst_msgs/srv/_authority_srv.py'...
-- Installing: /home/user/ros2_ws/src/necst-msgs/install/necst_msgs/lib/libnecst_msgs__rosidl_generator_py.so
-- Set runtime path of "/home/user/ros2_ws/src/necst-msgs/install/necst_msgs/lib/libnecst_msgs__rosidl_generator_py.so" to ""
-- Installing: /home/user/ros2_ws/src/necst-msgs/install/necst_msgs/share/necst_msgs/cmake/export_necst_msgs__rosidl_generator_cExport.cmake
-- Installing: /home/user/ros2_ws/src/necst-msgs/install/necst_msgs/share/necst_msgs/cmake/export_necst_msgs__rosidl_generator_cExport-noconfig.cmake
-- Installing: /home/user/ros2_ws/src/necst-msgs/install/necst_msgs/share/necst_msgs/cmake/export_necst_msgs__rosidl_typesupport_fastrtps_cExport.cmake
-- Installing: /home/user/ros2_ws/src/necst-msgs/install/necst_msgs/share/necst_msgs/cmake/export_necst_msgs__rosidl_typesupport_fastrtps_cExport-noconfig.cmake
-- Installing: /home/user/ros2_ws/src/necst-msgs/install/necst_msgs/share/necst_msgs/cmake/necst_msgs__rosidl_typesupport_introspection_cExport.cmake
-- Installing: /home/user/ros2_ws/src/necst-msgs/install/necst_msgs/share/necst_msgs/cmake/necst_msgs__rosidl_typesupport_introspection_cExport-noconfig.cmake
-- Installing: /home/user/ros2_ws/src/necst-msgs/install/necst_msgs/share/necst_msgs/cmake/necst_msgs__rosidl_typesupport_cExport.cmake
-- Installing: /home/user/ros2_ws/src/necst-msgs/install/necst_msgs/share/necst_msgs/cmake/necst_msgs__rosidl_typesupport_cExport-noconfig.cmake
-- Installing: /home/user/ros2_ws/src/necst-msgs/install/necst_msgs/share/necst_msgs/cmake/export_necst_msgs__rosidl_generator_cppExport.cmake
-- Installing: /home/user/ros2_ws/src/necst-msgs/install/necst_msgs/share/necst_msgs/cmake/export_necst_msgs__rosidl_typesupport_fastrtps_cppExport.cmake
-- Installing: /home/user/ros2_ws/src/necst-msgs/install/necst_msgs/share/necst_msgs/cmake/export_necst_msgs__rosidl_typesupport_fastrtps_cppExport-noconfig.cmake
-- Installing: /home/user/ros2_ws/src/necst-msgs/install/necst_msgs/share/necst_msgs/cmake/necst_msgs__rosidl_typesupport_introspection_cppExport.cmake
-- Installing: /home/user/ros2_ws/src/necst-msgs/install/necst_msgs/share/necst_msgs/cmake/necst_msgs__rosidl_typesupport_introspection_cppExport-noconfig.cmake
-- Installing: /home/user/ros2_ws/src/necst-msgs/install/necst_msgs/share/necst_msgs/cmake/necst_msgs__rosidl_typesupport_cppExport.cmake
-- Installing: /home/user/ros2_ws/src/necst-msgs/install/necst_msgs/share/necst_msgs/cmake/necst_msgs__rosidl_typesupport_cppExport-noconfig.cmake
-- Installing: /home/user/ros2_ws/src/necst-msgs/install/necst_msgs/share/necst_msgs/cmake/export_necst_msgs__rosidl_generator_pyExport.cmake
-- Installing: /home/user/ros2_ws/src/necst-msgs/install/necst_msgs/share/necst_msgs/cmake/export_necst_msgs__rosidl_generator_pyExport-noconfig.cmake
