[0.011s] Invoking command in '/home/user/ros2_ws/src/necst-msgs/build/necst_msgs': CMAKE_PREFIX_PATH=${CMAKE_PREFIX_PATH}:/opt/ros/humble /usr/bin/cmake /home/user/ros2_ws/src/necst-msgs -DAMENT_CMAKE_SYMLINK_INSTALL=1 -DCMAKE_INSTALL_PREFIX=/home/user/ros2_ws/src/necst-msgs/install/necst_msgs
[0.049s] -- The C compiler identification is GNU 11.2.0
[0.088s] -- The CXX compiler identification is GNU 11.2.0
[0.093s] -- Detecting C compiler ABI info
[0.140s] -- Detecting C compiler ABI info - done
[0.145s] -- Check for working C compiler: /usr/bin/cc - skipped
[0.145s] -- Detecting C compile features
[0.145s] -- Detecting C compile features - done
[0.148s] -- Detecting CXX compiler ABI info
[0.203s] -- Detecting CXX compiler ABI info - done
[0.209s] -- Check for working CXX compiler: /usr/bin/c++ - skipped
[0.209s] -- Detecting CXX compile features
[0.209s] -- Detecting CXX compile features - done
[0.211s] -- Found ament_cmake: 1.3.2 (/opt/ros/humble/share/ament_cmake/cmake)
[0.344s] -- Found Python3: /usr/bin/python3.10 (found version "3.10.4") found components: Interpreter 
[0.394s] -- Override CMake install command with custom implementation using symlinks instead of copying resources
[0.410s] -- Found rosidl_default_generators: 1.2.0 (/opt/ros/humble/share/rosidl_default_generators/cmake)
[0.413s] -- Using all available rosidl_typesupport_c: rosidl_typesupport_fastrtps_c;rosidl_typesupport_introspection_c
[0.417s] -- Found rosidl_adapter: 3.1.3 (/opt/ros/humble/share/rosidl_adapter/cmake)
[0.441s] -- Using all available rosidl_typesupport_cpp: rosidl_typesupport_fastrtps_cpp;rosidl_typesupport_introspection_cpp
[0.678s] -- Found ament_cmake_ros: 0.10.0 (/opt/ros/humble/share/ament_cmake_ros/cmake)
[0.822s] -- Using all available rosidl_typesupport_c: rosidl_typesupport_fastrtps_c;rosidl_typesupport_introspection_c
[1.010s] -- Using all available rosidl_typesupport_cpp: rosidl_typesupport_fastrtps_cpp;rosidl_typesupport_introspection_cpp
[1.027s] -- Found PythonInterp: /usr/bin/python3 (found suitable version "3.10.4", minimum required is "3.6") 
[1.028s] -- Found python_cmake_module: 0.10.0 (/opt/ros/humble/share/python_cmake_module/cmake)
[1.048s] -- Found PythonLibs: /usr/lib/x86_64-linux-gnu/libpython3.10.so (found suitable version "3.10.4", minimum required is "3.5") 
[1.048s] -- Using PYTHON_EXECUTABLE: /usr/bin/python3
[1.048s] -- Using PYTHON_INCLUDE_DIRS: /usr/include/python3.10
[1.048s] -- Using PYTHON_LIBRARIES: /usr/lib/x86_64-linux-gnu/libpython3.10.so
[1.065s] -- Found PythonExtra: .so  
[1.091s] -- Found ament_lint_auto: 0.12.4 (/opt/ros/humble/share/ament_lint_auto/cmake)
[1.112s] -- Added test 'cppcheck' to perform static code analysis on C / C++ code
[1.113s] -- Configured cppcheck include dirs: $<BUILD_INTERFACE:/home/user/ros2_ws/src/necst-msgs/build/necst_msgs/rosidl_generator_c>;$<BUILD_INTERFACE:/home/user/ros2_ws/src/necst-msgs/build/necst_msgs/rosidl_typesupport_fastrtps_c>;$<BUILD_INTERFACE:/home/user/ros2_ws/src/necst-msgs/build/necst_msgs/rosidl_typesupport_introspection_c>;$<BUILD_INTERFACE:/home/user/ros2_ws/src/necst-msgs/build/necst_msgs/rosidl_generator_cpp>;$<BUILD_INTERFACE:/home/user/ros2_ws/src/necst-msgs/build/necst_msgs/rosidl_typesupport_fastrtps_cpp>;$<BUILD_INTERFACE:/home/user/ros2_ws/src/necst-msgs/build/necst_msgs/rosidl_typesupport_introspection_cpp>;/home/user/ros2_ws/src/necst-msgs/build/necst_msgs/rosidl_generator_c;/home/user/ros2_ws/src/necst-msgs/build/necst_msgs/rosidl_generator_py
[1.113s] -- Configured cppcheck exclude dirs and/or files: 
[1.114s] -- Added test 'flake8' to check Python code syntax and style conventions
[1.117s] -- Added test 'lint_cmake' to check CMake code style
[1.118s] -- Added test 'pep257' to check Python code against some of the docstring style conventions in PEP 257
[1.126s] -- Added test 'uncrustify' to check C / C++ code style
[1.126s] -- Configured uncrustify additional arguments: 
[1.128s] -- Added test 'xmllint' to check XML markup files
[1.130s] -- Configuring done
[1.155s] -- Generating done
[1.157s] -- Build files have been written to: /home/user/ros2_ws/src/necst-msgs/build/necst_msgs
[1.163s] Invoked command in '/home/user/ros2_ws/src/necst-msgs/build/necst_msgs' returned '0': CMAKE_PREFIX_PATH=${CMAKE_PREFIX_PATH}:/opt/ros/humble /usr/bin/cmake /home/user/ros2_ws/src/necst-msgs -DAMENT_CMAKE_SYMLINK_INSTALL=1 -DCMAKE_INSTALL_PREFIX=/home/user/ros2_ws/src/necst-msgs/install/necst_msgs
[1.165s] Invoking command in '/home/user/ros2_ws/src/necst-msgs/build/necst_msgs': CMAKE_PREFIX_PATH=${CMAKE_PREFIX_PATH}:/opt/ros/humble /usr/bin/cmake --build /home/user/ros2_ws/src/necst-msgs/build/necst_msgs -- -j8 -l8
[1.192s] [  1%] [34m[1mGenerating C code for ROS interfaces[0m
[1.198s] [  3%] [34m[1mGenerating C++ code for ROS interfaces[0m
[1.204s] [  3%] Built target ament_cmake_python_symlink_necst_msgs
[1.389s] running egg_info
[1.390s] creating necst_msgs.egg-info
[1.390s] writing necst_msgs.egg-info/PKG-INFO
[1.390s] writing dependency_links to necst_msgs.egg-info/dependency_links.txt
[1.390s] writing top-level names to necst_msgs.egg-info/top_level.txt
[1.390s] writing manifest file 'necst_msgs.egg-info/SOURCES.txt'
[1.392s] reading manifest file 'necst_msgs.egg-info/SOURCES.txt'
[1.392s] writing manifest file 'necst_msgs.egg-info/SOURCES.txt'
[1.417s] [  3%] Built target ament_cmake_python_build_necst_msgs_egg
[1.610s] [  3%] Built target necst_msgs__cpp
[1.619s] [  5%] [34m[1mGenerating C++ type support for eProsima Fast-RTPS[0m
[1.619s] [  7%] [34m[1mGenerating C++ introspection for ROS interfaces[0m
[1.619s] [  9%] [34m[1mGenerating C++ type support dispatch for ROS interfaces[0m
[1.666s] [ 12%] [32mBuilding C object CMakeFiles/necst_msgs__rosidl_generator_c.dir/rosidl_generator_c/necst_msgs/msg/detail/pid_msg__functions.c.o[0m
[1.666s] [ 12%] [32mBuilding C object CMakeFiles/necst_msgs__rosidl_generator_c.dir/rosidl_generator_c/necst_msgs/msg/detail/coord_msg__functions.c.o[0m
[1.668s] [ 14%] [32mBuilding C object CMakeFiles/necst_msgs__rosidl_generator_c.dir/rosidl_generator_c/necst_msgs/msg/detail/timed_float64__functions.c.o[0m
[1.670s] [ 16%] [32mBuilding C object CMakeFiles/necst_msgs__rosidl_generator_c.dir/rosidl_generator_c/necst_msgs/srv/detail/authority_srv__functions.c.o[0m
[1.748s] [ 18%] [32m[1mLinking C shared library libnecst_msgs__rosidl_generator_c.so[0m
[1.786s] [ 18%] Built target necst_msgs__rosidl_generator_c
[1.796s] [ 23%] [34m[1mGenerating C type support for eProsima Fast-RTPS[0m
[1.796s] [ 23%] [34m[1mGenerating C type support dispatch for ROS interfaces[0m
[1.796s] [ 23%] [34m[1mGenerating C introspection for ROS interfaces[0m
[2.010s] [ 25%] [32mBuilding CXX object CMakeFiles/necst_msgs__rosidl_typesupport_cpp.dir/rosidl_typesupport_cpp/necst_msgs/msg/coord_msg__type_support.cpp.o[0m
[2.031s] [ 27%] [32mBuilding CXX object CMakeFiles/necst_msgs__rosidl_typesupport_cpp.dir/rosidl_typesupport_cpp/necst_msgs/msg/timed_float64__type_support.cpp.o[0m
[2.033s] [ 29%] [32mBuilding CXX object CMakeFiles/necst_msgs__rosidl_typesupport_cpp.dir/rosidl_typesupport_cpp/necst_msgs/msg/pid_msg__type_support.cpp.o[0m
[2.115s] [ 30%] [32mBuilding CXX object CMakeFiles/necst_msgs__rosidl_typesupport_introspection_cpp.dir/rosidl_typesupport_introspection_cpp/necst_msgs/msg/detail/coord_msg__type_support.cpp.o[0m
[2.262s] [ 32%] [32mBuilding CXX object CMakeFiles/necst_msgs__rosidl_typesupport_c.dir/rosidl_typesupport_c/necst_msgs/msg/coord_msg__type_support.cpp.o[0m
[2.283s] [ 34%] [32mBuilding CXX object CMakeFiles/necst_msgs__rosidl_typesupport_fastrtps_cpp.dir/rosidl_typesupport_fastrtps_cpp/necst_msgs/msg/detail/dds_fastrtps/coord_msg__type_support.cpp.o[0m
[2.316s] [ 36%] [32mBuilding CXX object CMakeFiles/necst_msgs__rosidl_typesupport_c.dir/rosidl_typesupport_c/necst_msgs/msg/pid_msg__type_support.cpp.o[0m
[2.350s] [ 38%] [32mBuilding CXX object CMakeFiles/necst_msgs__rosidl_typesupport_c.dir/rosidl_typesupport_c/necst_msgs/msg/timed_float64__type_support.cpp.o[0m
[2.360s] [ 40%] [32mBuilding CXX object CMakeFiles/necst_msgs__rosidl_typesupport_c.dir/rosidl_typesupport_c/necst_msgs/srv/authority_srv__type_support.cpp.o[0m
[2.361s] [ 41%] [32mBuilding CXX object CMakeFiles/necst_msgs__rosidl_typesupport_cpp.dir/rosidl_typesupport_cpp/necst_msgs/srv/authority_srv__type_support.cpp.o[0m
[2.375s] [ 43%] [32mBuilding CXX object CMakeFiles/necst_msgs__rosidl_typesupport_fastrtps_cpp.dir/rosidl_typesupport_fastrtps_cpp/necst_msgs/msg/detail/dds_fastrtps/pid_msg__type_support.cpp.o[0m
[2.395s] [ 45%] [32m[1mLinking CXX shared library libnecst_msgs__rosidl_typesupport_c.so[0m
[2.403s] [ 47%] [32mBuilding C object CMakeFiles/necst_msgs__rosidl_typesupport_introspection_c.dir/rosidl_typesupport_introspection_c/necst_msgs/msg/detail/coord_msg__type_support.c.o[0m
[2.424s] [ 49%] [32mBuilding CXX object CMakeFiles/necst_msgs__rosidl_typesupport_introspection_cpp.dir/rosidl_typesupport_introspection_cpp/necst_msgs/msg/detail/pid_msg__type_support.cpp.o[0m
[2.461s] [ 49%] Built target necst_msgs__rosidl_typesupport_c
[2.471s] [ 50%] [32mBuilding C object CMakeFiles/necst_msgs__rosidl_typesupport_introspection_c.dir/rosidl_typesupport_introspection_c/necst_msgs/msg/detail/pid_msg__type_support.c.o[0m
[2.493s] [ 52%] [32mBuilding CXX object CMakeFiles/necst_msgs__rosidl_typesupport_fastrtps_c.dir/rosidl_typesupport_fastrtps_c/necst_msgs/msg/detail/coord_msg__type_support_c.cpp.o[0m
[2.494s] [ 54%] [32mBuilding C object CMakeFiles/necst_msgs__rosidl_typesupport_introspection_c.dir/rosidl_typesupport_introspection_c/necst_msgs/msg/detail/timed_float64__type_support.c.o[0m
[2.532s] [ 56%] [32mBuilding CXX object CMakeFiles/necst_msgs__rosidl_typesupport_fastrtps_c.dir/rosidl_typesupport_fastrtps_c/necst_msgs/msg/detail/pid_msg__type_support_c.cpp.o[0m
[2.556s] [ 58%] [32mBuilding C object CMakeFiles/necst_msgs__rosidl_typesupport_introspection_c.dir/rosidl_typesupport_introspection_c/necst_msgs/srv/detail/authority_srv__type_support.c.o[0m
[2.611s] [ 60%] [32mBuilding CXX object CMakeFiles/necst_msgs__rosidl_typesupport_introspection_cpp.dir/rosidl_typesupport_introspection_cpp/necst_msgs/msg/detail/timed_float64__type_support.cpp.o[0m
[2.679s] [ 61%] [32m[1mLinking C shared library libnecst_msgs__rosidl_typesupport_introspection_c.so[0m
[2.696s] [ 63%] [32m[1mLinking CXX shared library libnecst_msgs__rosidl_typesupport_cpp.so[0m
[2.752s] [ 63%] Built target necst_msgs__rosidl_typesupport_cpp
[2.759s] [ 65%] [32mBuilding CXX object CMakeFiles/necst_msgs__rosidl_typesupport_fastrtps_cpp.dir/rosidl_typesupport_fastrtps_cpp/necst_msgs/msg/detail/dds_fastrtps/timed_float64__type_support.cpp.o[0m
[2.763s] [ 65%] Built target necst_msgs__rosidl_typesupport_introspection_c
[2.773s] [ 67%] [32mBuilding CXX object CMakeFiles/necst_msgs__rosidl_typesupport_introspection_cpp.dir/rosidl_typesupport_introspection_cpp/necst_msgs/srv/detail/authority_srv__type_support.cpp.o[0m
[2.790s] [ 69%] [32mBuilding CXX object CMakeFiles/necst_msgs__rosidl_typesupport_fastrtps_cpp.dir/rosidl_typesupport_fastrtps_cpp/necst_msgs/srv/detail/dds_fastrtps/authority_srv__type_support.cpp.o[0m
[2.906s] [ 70%] [32mBuilding CXX object CMakeFiles/necst_msgs__rosidl_typesupport_fastrtps_c.dir/rosidl_typesupport_fastrtps_c/necst_msgs/srv/detail/authority_srv__type_support_c.cpp.o[0m
[2.918s] [ 72%] [32mBuilding CXX object CMakeFiles/necst_msgs__rosidl_typesupport_fastrtps_c.dir/rosidl_typesupport_fastrtps_c/necst_msgs/msg/detail/timed_float64__type_support_c.cpp.o[0m
[3.219s] [ 74%] [32m[1mLinking CXX shared library libnecst_msgs__rosidl_typesupport_fastrtps_cpp.so[0m
[3.238s] [ 76%] [32m[1mLinking CXX shared library libnecst_msgs__rosidl_typesupport_introspection_cpp.so[0m
[3.297s] [ 76%] Built target necst_msgs__rosidl_typesupport_fastrtps_cpp
[3.303s] [ 78%] [32m[1mLinking CXX shared library libnecst_msgs__rosidl_typesupport_fastrtps_c.so[0m
[3.304s] [ 78%] Built target necst_msgs__rosidl_typesupport_introspection_cpp
[3.363s] [ 78%] Built target necst_msgs__rosidl_typesupport_fastrtps_c
[3.377s] [ 78%] Built target necst_msgs
[3.390s] [ 80%] [34m[1mGenerating Python code for ROS interfaces[0m
[4.089s] [ 80%] Built target necst_msgs__py
[4.103s] [ 85%] [32mBuilding C object CMakeFiles/necst_msgs__rosidl_generator_py.dir/rosidl_generator_py/necst_msgs/msg/_coord_msg_s.c.o[0m
[4.103s] [ 85%] [32mBuilding C object CMakeFiles/necst_msgs__rosidl_generator_py.dir/rosidl_generator_py/necst_msgs/srv/_authority_srv_s.c.o[0m
[4.103s] [ 85%] [32mBuilding C object CMakeFiles/necst_msgs__rosidl_generator_py.dir/rosidl_generator_py/necst_msgs/msg/_pid_msg_s.c.o[0m
[4.105s] [ 87%] [32mBuilding C object CMakeFiles/necst_msgs__rosidl_generator_py.dir/rosidl_generator_py/necst_msgs/msg/_timed_float64_s.c.o[0m
[4.219s] [ 89%] [32m[1mLinking C shared library rosidl_generator_py/necst_msgs/libnecst_msgs__rosidl_generator_py.so[0m
[4.247s] [ 89%] Built target necst_msgs__rosidl_generator_py
[4.261s] [ 94%] [32mBuilding C object CMakeFiles/necst_msgs__rosidl_typesupport_c__pyext.dir/rosidl_generator_py/necst_msgs/_necst_msgs_s.ep.rosidl_typesupport_c.c.o[0m
[4.261s] [ 94%] [32mBuilding C object CMakeFiles/necst_msgs__rosidl_typesupport_introspection_c__pyext.dir/rosidl_generator_py/necst_msgs/_necst_msgs_s.ep.rosidl_typesupport_introspection_c.c.o[0m
[4.261s] [ 94%] [32mBuilding C object CMakeFiles/necst_msgs__rosidl_typesupport_fastrtps_c__pyext.dir/rosidl_generator_py/necst_msgs/_necst_msgs_s.ep.rosidl_typesupport_fastrtps_c.c.o[0m
[4.340s] [ 98%] [32m[1mLinking C shared library rosidl_generator_py/necst_msgs/necst_msgs_s__rosidl_typesupport_c.cpython-310-x86_64-linux-gnu.so[0m
[4.340s] [ 98%] [32m[1mLinking C shared library rosidl_generator_py/necst_msgs/necst_msgs_s__rosidl_typesupport_introspection_c.cpython-310-x86_64-linux-gnu.so[0m
[4.343s] [100%] [32m[1mLinking C shared library rosidl_generator_py/necst_msgs/necst_msgs_s__rosidl_typesupport_fastrtps_c.cpython-310-x86_64-linux-gnu.so[0m
[4.364s] [100%] Built target necst_msgs__rosidl_typesupport_introspection_c__pyext
[4.364s] [100%] Built target necst_msgs__rosidl_typesupport_c__pyext
[4.366s] [100%] Built target necst_msgs__rosidl_typesupport_fastrtps_c__pyext
[4.375s] Invoked command in '/home/user/ros2_ws/src/necst-msgs/build/necst_msgs' returned '0': CMAKE_PREFIX_PATH=${CMAKE_PREFIX_PATH}:/opt/ros/humble /usr/bin/cmake --build /home/user/ros2_ws/src/necst-msgs/build/necst_msgs -- -j8 -l8
[4.448s] Invoking command in '/home/user/ros2_ws/src/necst-msgs/build/necst_msgs': CMAKE_PREFIX_PATH=${CMAKE_PREFIX_PATH}:/opt/ros/humble /usr/bin/cmake --install /home/user/ros2_ws/src/necst-msgs/build/necst_msgs
[4.453s] -- Install configuration: ""
[4.454s] -- Execute custom install script
[4.454s] -- Symlinking: /home/user/ros2_ws/src/necst-msgs/install/necst_msgs/share/ament_index/resource_index/rosidl_interfaces/necst_msgs
[4.460s] -- Symlinking: /home/user/ros2_ws/src/necst-msgs/install/necst_msgs/include/necst_msgs/necst_msgs/msg/coord_msg.h
[4.466s] -- Symlinking: /home/user/ros2_ws/src/necst-msgs/install/necst_msgs/include/necst_msgs/necst_msgs/msg/detail/coord_msg__functions.h
[4.471s] -- Symlinking: /home/user/ros2_ws/src/necst-msgs/install/necst_msgs/include/necst_msgs/necst_msgs/msg/detail/coord_msg__struct.h
[4.477s] -- Symlinking: /home/user/ros2_ws/src/necst-msgs/install/necst_msgs/include/necst_msgs/necst_msgs/msg/detail/coord_msg__type_support.h
[4.482s] -- Symlinking: /home/user/ros2_ws/src/necst-msgs/install/necst_msgs/include/necst_msgs/necst_msgs/msg/detail/pid_msg__functions.h
[4.487s] -- Symlinking: /home/user/ros2_ws/src/necst-msgs/install/necst_msgs/include/necst_msgs/necst_msgs/msg/detail/pid_msg__struct.h
[4.493s] -- Symlinking: /home/user/ros2_ws/src/necst-msgs/install/necst_msgs/include/necst_msgs/necst_msgs/msg/detail/pid_msg__type_support.h
[4.499s] -- Symlinking: /home/user/ros2_ws/src/necst-msgs/install/necst_msgs/include/necst_msgs/necst_msgs/msg/detail/timed_float64__functions.h
[4.505s] -- Symlinking: /home/user/ros2_ws/src/necst-msgs/install/necst_msgs/include/necst_msgs/necst_msgs/msg/detail/timed_float64__struct.h
[4.510s] -- Symlinking: /home/user/ros2_ws/src/necst-msgs/install/necst_msgs/include/necst_msgs/necst_msgs/msg/detail/timed_float64__type_support.h
[4.516s] -- Symlinking: /home/user/ros2_ws/src/necst-msgs/install/necst_msgs/include/necst_msgs/necst_msgs/msg/pid_msg.h
[4.521s] -- Symlinking: /home/user/ros2_ws/src/necst-msgs/install/necst_msgs/include/necst_msgs/necst_msgs/msg/rosidl_generator_c__visibility_control.h
[4.527s] -- Symlinking: /home/user/ros2_ws/src/necst-msgs/install/necst_msgs/include/necst_msgs/necst_msgs/msg/timed_float64.h
[4.532s] -- Symlinking: /home/user/ros2_ws/src/necst-msgs/install/necst_msgs/include/necst_msgs/necst_msgs/srv/authority_srv.h
[4.537s] -- Symlinking: /home/user/ros2_ws/src/necst-msgs/install/necst_msgs/include/necst_msgs/necst_msgs/srv/detail/authority_srv__functions.h
[4.543s] -- Symlinking: /home/user/ros2_ws/src/necst-msgs/install/necst_msgs/include/necst_msgs/necst_msgs/srv/detail/authority_srv__struct.h
[4.548s] -- Symlinking: /home/user/ros2_ws/src/necst-msgs/install/necst_msgs/include/necst_msgs/necst_msgs/srv/detail/authority_srv__type_support.h
[4.553s] -- Symlinking: /home/user/ros2_ws/src/necst-msgs/install/necst_msgs/share/necst_msgs/environment/library_path.sh
[4.559s] -- Symlinking: /home/user/ros2_ws/src/necst-msgs/install/necst_msgs/share/necst_msgs/environment/library_path.dsv
[4.565s] -- Symlinking: /home/user/ros2_ws/src/necst-msgs/install/necst_msgs/include/necst_msgs/necst_msgs/msg/detail/coord_msg__rosidl_typesupport_fastrtps_c.h
[4.570s] -- Symlinking: /home/user/ros2_ws/src/necst-msgs/install/necst_msgs/include/necst_msgs/necst_msgs/msg/detail/pid_msg__rosidl_typesupport_fastrtps_c.h
[4.576s] -- Symlinking: /home/user/ros2_ws/src/necst-msgs/install/necst_msgs/include/necst_msgs/necst_msgs/msg/detail/timed_float64__rosidl_typesupport_fastrtps_c.h
[4.581s] -- Symlinking: /home/user/ros2_ws/src/necst-msgs/install/necst_msgs/include/necst_msgs/necst_msgs/msg/rosidl_typesupport_fastrtps_c__visibility_control.h
[4.586s] -- Symlinking: /home/user/ros2_ws/src/necst-msgs/install/necst_msgs/include/necst_msgs/necst_msgs/srv/detail/authority_srv__rosidl_typesupport_fastrtps_c.h
[4.592s] -- Symlinking: /home/user/ros2_ws/src/necst-msgs/install/necst_msgs/include/necst_msgs/necst_msgs/msg/detail/coord_msg__rosidl_typesupport_introspection_c.h
[4.598s] -- Symlinking: /home/user/ros2_ws/src/necst-msgs/install/necst_msgs/include/necst_msgs/necst_msgs/msg/detail/pid_msg__rosidl_typesupport_introspection_c.h
[4.603s] -- Symlinking: /home/user/ros2_ws/src/necst-msgs/install/necst_msgs/include/necst_msgs/necst_msgs/msg/detail/timed_float64__rosidl_typesupport_introspection_c.h
[4.609s] -- Symlinking: /home/user/ros2_ws/src/necst-msgs/install/necst_msgs/include/necst_msgs/necst_msgs/msg/rosidl_typesupport_introspection_c__visibility_control.h
[4.614s] -- Symlinking: /home/user/ros2_ws/src/necst-msgs/install/necst_msgs/include/necst_msgs/necst_msgs/srv/detail/authority_srv__rosidl_typesupport_introspection_c.h
[4.620s] -- Symlinking: /home/user/ros2_ws/src/necst-msgs/install/necst_msgs/include/necst_msgs/necst_msgs/msg/coord_msg.hpp
[4.626s] -- Symlinking: /home/user/ros2_ws/src/necst-msgs/install/necst_msgs/include/necst_msgs/necst_msgs/msg/detail/coord_msg__builder.hpp
[4.632s] -- Symlinking: /home/user/ros2_ws/src/necst-msgs/install/necst_msgs/include/necst_msgs/necst_msgs/msg/detail/coord_msg__struct.hpp
[4.637s] -- Symlinking: /home/user/ros2_ws/src/necst-msgs/install/necst_msgs/include/necst_msgs/necst_msgs/msg/detail/coord_msg__traits.hpp
[4.642s] -- Symlinking: /home/user/ros2_ws/src/necst-msgs/install/necst_msgs/include/necst_msgs/necst_msgs/msg/detail/pid_msg__builder.hpp
[4.648s] -- Symlinking: /home/user/ros2_ws/src/necst-msgs/install/necst_msgs/include/necst_msgs/necst_msgs/msg/detail/pid_msg__struct.hpp
[4.653s] -- Symlinking: /home/user/ros2_ws/src/necst-msgs/install/necst_msgs/include/necst_msgs/necst_msgs/msg/detail/pid_msg__traits.hpp
[4.658s] -- Symlinking: /home/user/ros2_ws/src/necst-msgs/install/necst_msgs/include/necst_msgs/necst_msgs/msg/detail/timed_float64__builder.hpp
[4.664s] -- Symlinking: /home/user/ros2_ws/src/necst-msgs/install/necst_msgs/include/necst_msgs/necst_msgs/msg/detail/timed_float64__struct.hpp
[4.669s] -- Symlinking: /home/user/ros2_ws/src/necst-msgs/install/necst_msgs/include/necst_msgs/necst_msgs/msg/detail/timed_float64__traits.hpp
[4.674s] -- Symlinking: /home/user/ros2_ws/src/necst-msgs/install/necst_msgs/include/necst_msgs/necst_msgs/msg/pid_msg.hpp
[4.680s] -- Symlinking: /home/user/ros2_ws/src/necst-msgs/install/necst_msgs/include/necst_msgs/necst_msgs/msg/timed_float64.hpp
[4.686s] -- Symlinking: /home/user/ros2_ws/src/necst-msgs/install/necst_msgs/include/necst_msgs/necst_msgs/srv/authority_srv.hpp
[4.692s] -- Symlinking: /home/user/ros2_ws/src/necst-msgs/install/necst_msgs/include/necst_msgs/necst_msgs/srv/detail/authority_srv__builder.hpp
[4.697s] -- Symlinking: /home/user/ros2_ws/src/necst-msgs/install/necst_msgs/include/necst_msgs/necst_msgs/srv/detail/authority_srv__struct.hpp
[4.703s] -- Symlinking: /home/user/ros2_ws/src/necst-msgs/install/necst_msgs/include/necst_msgs/necst_msgs/srv/detail/authority_srv__traits.hpp
[4.709s] -- Symlinking: /home/user/ros2_ws/src/necst-msgs/install/necst_msgs/include/necst_msgs/necst_msgs/msg/detail/coord_msg__rosidl_typesupport_fastrtps_cpp.hpp
[4.714s] -- Symlinking: /home/user/ros2_ws/src/necst-msgs/install/necst_msgs/include/necst_msgs/necst_msgs/msg/detail/pid_msg__rosidl_typesupport_fastrtps_cpp.hpp
[4.720s] -- Symlinking: /home/user/ros2_ws/src/necst-msgs/install/necst_msgs/include/necst_msgs/necst_msgs/msg/detail/timed_float64__rosidl_typesupport_fastrtps_cpp.hpp
[4.726s] -- Symlinking: /home/user/ros2_ws/src/necst-msgs/install/necst_msgs/include/necst_msgs/necst_msgs/msg/rosidl_typesupport_fastrtps_cpp__visibility_control.h
[4.731s] -- Symlinking: /home/user/ros2_ws/src/necst-msgs/install/necst_msgs/include/necst_msgs/necst_msgs/srv/detail/authority_srv__rosidl_typesupport_fastrtps_cpp.hpp
[4.737s] -- Symlinking: /home/user/ros2_ws/src/necst-msgs/install/necst_msgs/include/necst_msgs/necst_msgs/msg/detail/coord_msg__rosidl_typesupport_introspection_cpp.hpp
[4.742s] -- Symlinking: /home/user/ros2_ws/src/necst-msgs/install/necst_msgs/include/necst_msgs/necst_msgs/msg/detail/pid_msg__rosidl_typesupport_introspection_cpp.hpp
[4.748s] -- Symlinking: /home/user/ros2_ws/src/necst-msgs/install/necst_msgs/include/necst_msgs/necst_msgs/msg/detail/timed_float64__rosidl_typesupport_introspection_cpp.hpp
[4.754s] -- Symlinking: /home/user/ros2_ws/src/necst-msgs/install/necst_msgs/include/necst_msgs/necst_msgs/srv/detail/authority_srv__rosidl_typesupport_introspection_cpp.hpp
[4.760s] -- Symlinking: /home/user/ros2_ws/src/necst-msgs/install/necst_msgs/share/necst_msgs/environment/pythonpath.sh
[4.765s] -- Symlinking: /home/user/ros2_ws/src/necst-msgs/install/necst_msgs/share/necst_msgs/environment/pythonpath.dsv
[4.771s] -- Symlinking: /home/user/ros2_ws/src/necst-msgs/install/necst_msgs/local/lib/python3.10/dist-packages/necst_msgs-0.1.0-py3.10.egg-info/PKG-INFO
[4.776s] -- Symlinking: /home/user/ros2_ws/src/necst-msgs/install/necst_msgs/local/lib/python3.10/dist-packages/necst_msgs-0.1.0-py3.10.egg-info/SOURCES.txt
[4.782s] -- Symlinking: /home/user/ros2_ws/src/necst-msgs/install/necst_msgs/local/lib/python3.10/dist-packages/necst_msgs-0.1.0-py3.10.egg-info/dependency_links.txt
[4.787s] -- Symlinking: /home/user/ros2_ws/src/necst-msgs/install/necst_msgs/local/lib/python3.10/dist-packages/necst_msgs-0.1.0-py3.10.egg-info/top_level.txt
[4.793s] -- Symlinking: /home/user/ros2_ws/src/necst-msgs/install/necst_msgs/local/lib/python3.10/dist-packages/necst_msgs/__init__.py
[4.798s] -- Symlinking: /home/user/ros2_ws/src/necst-msgs/install/necst_msgs/local/lib/python3.10/dist-packages/necst_msgs/_necst_msgs_s.ep.rosidl_typesupport_c.c
[4.804s] -- Symlinking: /home/user/ros2_ws/src/necst-msgs/install/necst_msgs/local/lib/python3.10/dist-packages/necst_msgs/_necst_msgs_s.ep.rosidl_typesupport_fastrtps_c.c
[4.810s] -- Symlinking: /home/user/ros2_ws/src/necst-msgs/install/necst_msgs/local/lib/python3.10/dist-packages/necst_msgs/_necst_msgs_s.ep.rosidl_typesupport_introspection_c.c
[4.816s] -- Symlinking: /home/user/ros2_ws/src/necst-msgs/install/necst_msgs/local/lib/python3.10/dist-packages/necst_msgs/libnecst_msgs__rosidl_generator_py.so
[4.821s] -- Symlinking: /home/user/ros2_ws/src/necst-msgs/install/necst_msgs/local/lib/python3.10/dist-packages/necst_msgs/msg/__init__.py
[4.827s] -- Symlinking: /home/user/ros2_ws/src/necst-msgs/install/necst_msgs/local/lib/python3.10/dist-packages/necst_msgs/msg/_coord_msg.py
[4.833s] -- Symlinking: /home/user/ros2_ws/src/necst-msgs/install/necst_msgs/local/lib/python3.10/dist-packages/necst_msgs/msg/_coord_msg_s.c
[4.838s] -- Symlinking: /home/user/ros2_ws/src/necst-msgs/install/necst_msgs/local/lib/python3.10/dist-packages/necst_msgs/msg/_pid_msg.py
[4.844s] -- Symlinking: /home/user/ros2_ws/src/necst-msgs/install/necst_msgs/local/lib/python3.10/dist-packages/necst_msgs/msg/_pid_msg_s.c
[4.849s] -- Symlinking: /home/user/ros2_ws/src/necst-msgs/install/necst_msgs/local/lib/python3.10/dist-packages/necst_msgs/msg/_timed_float64.py
[4.854s] -- Symlinking: /home/user/ros2_ws/src/necst-msgs/install/necst_msgs/local/lib/python3.10/dist-packages/necst_msgs/msg/_timed_float64_s.c
[4.860s] -- Symlinking: /home/user/ros2_ws/src/necst-msgs/install/necst_msgs/local/lib/python3.10/dist-packages/necst_msgs/necst_msgs_s__rosidl_typesupport_c.cpython-310-x86_64-linux-gnu.so
[4.865s] -- Symlinking: /home/user/ros2_ws/src/necst-msgs/install/necst_msgs/local/lib/python3.10/dist-packages/necst_msgs/necst_msgs_s__rosidl_typesupport_fastrtps_c.cpython-310-x86_64-linux-gnu.so
[4.871s] -- Symlinking: /home/user/ros2_ws/src/necst-msgs/install/necst_msgs/local/lib/python3.10/dist-packages/necst_msgs/necst_msgs_s__rosidl_typesupport_introspection_c.cpython-310-x86_64-linux-gnu.so
[4.877s] -- Symlinking: /home/user/ros2_ws/src/necst-msgs/install/necst_msgs/local/lib/python3.10/dist-packages/necst_msgs/srv/__init__.py
[4.883s] -- Symlinking: /home/user/ros2_ws/src/necst-msgs/install/necst_msgs/local/lib/python3.10/dist-packages/necst_msgs/srv/_authority_srv.py
[4.888s] -- Symlinking: /home/user/ros2_ws/src/necst-msgs/install/necst_msgs/local/lib/python3.10/dist-packages/necst_msgs/srv/_authority_srv_s.c
[4.893s] -- Up-to-date symlink: /home/user/ros2_ws/src/necst-msgs/install/necst_msgs/local/lib/python3.10/dist-packages/necst_msgs/necst_msgs_s__rosidl_typesupport_fastrtps_c.cpython-310-x86_64-linux-gnu.so
[4.894s] -- Up-to-date symlink: /home/user/ros2_ws/src/necst-msgs/install/necst_msgs/local/lib/python3.10/dist-packages/necst_msgs/necst_msgs_s__rosidl_typesupport_introspection_c.cpython-310-x86_64-linux-gnu.so
[4.894s] -- Up-to-date symlink: /home/user/ros2_ws/src/necst-msgs/install/necst_msgs/local/lib/python3.10/dist-packages/necst_msgs/necst_msgs_s__rosidl_typesupport_c.cpython-310-x86_64-linux-gnu.so
[4.894s] -- Symlinking: /home/user/ros2_ws/src/necst-msgs/install/necst_msgs/share/necst_msgs/msg/CoordMsg.idl
[4.899s] -- Symlinking: /home/user/ros2_ws/src/necst-msgs/install/necst_msgs/share/necst_msgs/msg/PIDMsg.idl
[4.905s] -- Symlinking: /home/user/ros2_ws/src/necst-msgs/install/necst_msgs/share/necst_msgs/msg/TimedFloat64.idl
[4.911s] -- Symlinking: /home/user/ros2_ws/src/necst-msgs/install/necst_msgs/share/necst_msgs/srv/AuthoritySrv.idl
[4.917s] -- Symlinking: /home/user/ros2_ws/src/necst-msgs/install/necst_msgs/share/necst_msgs/msg/CoordMsg.msg
[4.922s] -- Symlinking: /home/user/ros2_ws/src/necst-msgs/install/necst_msgs/share/necst_msgs/msg/PIDMsg.msg
[4.927s] -- Symlinking: /home/user/ros2_ws/src/necst-msgs/install/necst_msgs/share/necst_msgs/msg/TimedFloat64.msg
[4.933s] -- Symlinking: /home/user/ros2_ws/src/necst-msgs/install/necst_msgs/share/necst_msgs/srv/AuthoritySrv.srv
[4.939s] -- Symlinking: /home/user/ros2_ws/src/necst-msgs/install/necst_msgs/share/necst_msgs/srv/AuthoritySrv_Request.msg
[4.945s] -- Symlinking: /home/user/ros2_ws/src/necst-msgs/install/necst_msgs/share/necst_msgs/srv/AuthoritySrv_Response.msg
[4.951s] -- Symlinking: /home/user/ros2_ws/src/necst-msgs/install/necst_msgs/share/ament_index/resource_index/package_run_dependencies/necst_msgs
[4.956s] -- Symlinking: /home/user/ros2_ws/src/necst-msgs/install/necst_msgs/share/ament_index/resource_index/parent_prefix_path/necst_msgs
[4.962s] -- Symlinking: /home/user/ros2_ws/src/necst-msgs/install/necst_msgs/share/necst_msgs/environment/ament_prefix_path.sh
[4.967s] -- Symlinking: /home/user/ros2_ws/src/necst-msgs/install/necst_msgs/share/necst_msgs/environment/ament_prefix_path.dsv
[4.973s] -- Symlinking: /home/user/ros2_ws/src/necst-msgs/install/necst_msgs/share/necst_msgs/environment/path.sh
[4.978s] -- Symlinking: /home/user/ros2_ws/src/necst-msgs/install/necst_msgs/share/necst_msgs/environment/path.dsv
[4.983s] -- Symlinking: /home/user/ros2_ws/src/necst-msgs/install/necst_msgs/share/necst_msgs/local_setup.bash
[4.989s] -- Symlinking: /home/user/ros2_ws/src/necst-msgs/install/necst_msgs/share/necst_msgs/local_setup.sh
[4.995s] -- Symlinking: /home/user/ros2_ws/src/necst-msgs/install/necst_msgs/share/necst_msgs/local_setup.zsh
[5.000s] -- Symlinking: /home/user/ros2_ws/src/necst-msgs/install/necst_msgs/share/necst_msgs/local_setup.dsv
[5.006s] -- Symlinking: /home/user/ros2_ws/src/necst-msgs/install/necst_msgs/share/necst_msgs/package.dsv
[5.012s] -- Symlinking: /home/user/ros2_ws/src/necst-msgs/install/necst_msgs/share/ament_index/resource_index/packages/necst_msgs
[5.018s] -- Symlinking: /home/user/ros2_ws/src/necst-msgs/install/necst_msgs/share/necst_msgs/cmake/rosidl_cmake-extras.cmake
[5.024s] -- Symlinking: /home/user/ros2_ws/src/necst-msgs/install/necst_msgs/share/necst_msgs/cmake/ament_cmake_export_include_directories-extras.cmake
[5.029s] -- Symlinking: /home/user/ros2_ws/src/necst-msgs/install/necst_msgs/share/necst_msgs/cmake/ament_cmake_export_libraries-extras.cmake
[5.034s] -- Symlinking: /home/user/ros2_ws/src/necst-msgs/install/necst_msgs/share/necst_msgs/cmake/ament_cmake_export_targets-extras.cmake
[5.040s] -- Symlinking: /home/user/ros2_ws/src/necst-msgs/install/necst_msgs/share/necst_msgs/cmake/rosidl_cmake_export_typesupport_targets-extras.cmake
[5.045s] -- Symlinking: /home/user/ros2_ws/src/necst-msgs/install/necst_msgs/share/necst_msgs/cmake/ament_cmake_export_dependencies-extras.cmake
[5.051s] -- Symlinking: /home/user/ros2_ws/src/necst-msgs/install/necst_msgs/share/necst_msgs/cmake/rosidl_cmake_export_typesupport_libraries-extras.cmake
[5.057s] -- Symlinking: /home/user/ros2_ws/src/necst-msgs/install/necst_msgs/share/necst_msgs/cmake/necst_msgsConfig.cmake
[5.062s] -- Symlinking: /home/user/ros2_ws/src/necst-msgs/install/necst_msgs/share/necst_msgs/cmake/necst_msgsConfig-version.cmake
[5.068s] -- Symlinking: /home/user/ros2_ws/src/necst-msgs/install/necst_msgs/share/necst_msgs/package.xml
[5.073s] -- Installing: /home/user/ros2_ws/src/necst-msgs/install/necst_msgs/lib/libnecst_msgs__rosidl_generator_c.so
[5.074s] -- Set runtime path of "/home/user/ros2_ws/src/necst-msgs/install/necst_msgs/lib/libnecst_msgs__rosidl_generator_c.so" to ""
[5.074s] -- Installing: /home/user/ros2_ws/src/necst-msgs/install/necst_msgs/lib/libnecst_msgs__rosidl_typesupport_fastrtps_c.so
[5.074s] -- Set runtime path of "/home/user/ros2_ws/src/necst-msgs/install/necst_msgs/lib/libnecst_msgs__rosidl_typesupport_fastrtps_c.so" to ""
[5.074s] -- Installing: /home/user/ros2_ws/src/necst-msgs/install/necst_msgs/lib/libnecst_msgs__rosidl_typesupport_introspection_c.so
[5.074s] -- Set runtime path of "/home/user/ros2_ws/src/necst-msgs/install/necst_msgs/lib/libnecst_msgs__rosidl_typesupport_introspection_c.so" to ""
[5.074s] -- Installing: /home/user/ros2_ws/src/necst-msgs/install/necst_msgs/lib/libnecst_msgs__rosidl_typesupport_c.so
[5.075s] -- Set runtime path of "/home/user/ros2_ws/src/necst-msgs/install/necst_msgs/lib/libnecst_msgs__rosidl_typesupport_c.so" to ""
[5.075s] -- Installing: /home/user/ros2_ws/src/necst-msgs/install/necst_msgs/lib/libnecst_msgs__rosidl_typesupport_fastrtps_cpp.so
[5.075s] -- Set runtime path of "/home/user/ros2_ws/src/necst-msgs/install/necst_msgs/lib/libnecst_msgs__rosidl_typesupport_fastrtps_cpp.so" to ""
[5.075s] -- Installing: /home/user/ros2_ws/src/necst-msgs/install/necst_msgs/lib/libnecst_msgs__rosidl_typesupport_introspection_cpp.so
[5.075s] -- Set runtime path of "/home/user/ros2_ws/src/necst-msgs/install/necst_msgs/lib/libnecst_msgs__rosidl_typesupport_introspection_cpp.so" to ""
[5.075s] -- Installing: /home/user/ros2_ws/src/necst-msgs/install/necst_msgs/lib/libnecst_msgs__rosidl_typesupport_cpp.so
[5.075s] -- Set runtime path of "/home/user/ros2_ws/src/necst-msgs/install/necst_msgs/lib/libnecst_msgs__rosidl_typesupport_cpp.so" to ""
[5.104s] Listing '/home/user/ros2_ws/src/necst-msgs/install/necst_msgs/local/lib/python3.10/dist-packages/necst_msgs'...
[5.104s] Compiling '/home/user/ros2_ws/src/necst-msgs/install/necst_msgs/local/lib/python3.10/dist-packages/necst_msgs/__init__.py'...
[5.104s] Listing '/home/user/ros2_ws/src/necst-msgs/install/necst_msgs/local/lib/python3.10/dist-packages/necst_msgs/msg'...
[5.105s] Compiling '/home/user/ros2_ws/src/necst-msgs/install/necst_msgs/local/lib/python3.10/dist-packages/necst_msgs/msg/__init__.py'...
[5.105s] Compiling '/home/user/ros2_ws/src/necst-msgs/install/necst_msgs/local/lib/python3.10/dist-packages/necst_msgs/msg/_coord_msg.py'...
[5.105s] Compiling '/home/user/ros2_ws/src/necst-msgs/install/necst_msgs/local/lib/python3.10/dist-packages/necst_msgs/msg/_pid_msg.py'...
[5.105s] Compiling '/home/user/ros2_ws/src/necst-msgs/install/necst_msgs/local/lib/python3.10/dist-packages/necst_msgs/msg/_timed_float64.py'...
[5.105s] Listing '/home/user/ros2_ws/src/necst-msgs/install/necst_msgs/local/lib/python3.10/dist-packages/necst_msgs/srv'...
[5.105s] Compiling '/home/user/ros2_ws/src/necst-msgs/install/necst_msgs/local/lib/python3.10/dist-packages/necst_msgs/srv/__init__.py'...
[5.105s] Compiling '/home/user/ros2_ws/src/necst-msgs/install/necst_msgs/local/lib/python3.10/dist-packages/necst_msgs/srv/_authority_srv.py'...
[5.108s] -- Installing: /home/user/ros2_ws/src/necst-msgs/install/necst_msgs/lib/libnecst_msgs__rosidl_generator_py.so
[5.108s] -- Set runtime path of "/home/user/ros2_ws/src/necst-msgs/install/necst_msgs/lib/libnecst_msgs__rosidl_generator_py.so" to ""
[5.108s] -- Installing: /home/user/ros2_ws/src/necst-msgs/install/necst_msgs/share/necst_msgs/cmake/export_necst_msgs__rosidl_generator_cExport.cmake
[5.109s] -- Installing: /home/user/ros2_ws/src/necst-msgs/install/necst_msgs/share/necst_msgs/cmake/export_necst_msgs__rosidl_generator_cExport-noconfig.cmake
[5.109s] -- Installing: /home/user/ros2_ws/src/necst-msgs/install/necst_msgs/share/necst_msgs/cmake/export_necst_msgs__rosidl_typesupport_fastrtps_cExport.cmake
[5.109s] -- Installing: /home/user/ros2_ws/src/necst-msgs/install/necst_msgs/share/necst_msgs/cmake/export_necst_msgs__rosidl_typesupport_fastrtps_cExport-noconfig.cmake
[5.109s] -- Installing: /home/user/ros2_ws/src/necst-msgs/install/necst_msgs/share/necst_msgs/cmake/necst_msgs__rosidl_typesupport_introspection_cExport.cmake
[5.109s] -- Installing: /home/user/ros2_ws/src/necst-msgs/install/necst_msgs/share/necst_msgs/cmake/necst_msgs__rosidl_typesupport_introspection_cExport-noconfig.cmake
[5.109s] -- Installing: /home/user/ros2_ws/src/necst-msgs/install/necst_msgs/share/necst_msgs/cmake/necst_msgs__rosidl_typesupport_cExport.cmake
[5.109s] -- Installing: /home/user/ros2_ws/src/necst-msgs/install/necst_msgs/share/necst_msgs/cmake/necst_msgs__rosidl_typesupport_cExport-noconfig.cmake
[5.109s] -- Installing: /home/user/ros2_ws/src/necst-msgs/install/necst_msgs/share/necst_msgs/cmake/export_necst_msgs__rosidl_generator_cppExport.cmake
[5.109s] -- Installing: /home/user/ros2_ws/src/necst-msgs/install/necst_msgs/share/necst_msgs/cmake/export_necst_msgs__rosidl_typesupport_fastrtps_cppExport.cmake
[5.109s] -- Installing: /home/user/ros2_ws/src/necst-msgs/install/necst_msgs/share/necst_msgs/cmake/export_necst_msgs__rosidl_typesupport_fastrtps_cppExport-noconfig.cmake
[5.110s] -- Installing: /home/user/ros2_ws/src/necst-msgs/install/necst_msgs/share/necst_msgs/cmake/necst_msgs__rosidl_typesupport_introspection_cppExport.cmake
[5.110s] -- Installing: /home/user/ros2_ws/src/necst-msgs/install/necst_msgs/share/necst_msgs/cmake/necst_msgs__rosidl_typesupport_introspection_cppExport-noconfig.cmake
[5.110s] -- Installing: /home/user/ros2_ws/src/necst-msgs/install/necst_msgs/share/necst_msgs/cmake/necst_msgs__rosidl_typesupport_cppExport.cmake
[5.110s] -- Installing: /home/user/ros2_ws/src/necst-msgs/install/necst_msgs/share/necst_msgs/cmake/necst_msgs__rosidl_typesupport_cppExport-noconfig.cmake
[5.110s] -- Installing: /home/user/ros2_ws/src/necst-msgs/install/necst_msgs/share/necst_msgs/cmake/export_necst_msgs__rosidl_generator_pyExport.cmake
[5.110s] -- Installing: /home/user/ros2_ws/src/necst-msgs/install/necst_msgs/share/necst_msgs/cmake/export_necst_msgs__rosidl_generator_pyExport-noconfig.cmake
[5.113s] Invoked command in '/home/user/ros2_ws/src/necst-msgs/build/necst_msgs' returned '0': CMAKE_PREFIX_PATH=${CMAKE_PREFIX_PATH}:/opt/ros/humble /usr/bin/cmake --install /home/user/ros2_ws/src/necst-msgs/build/necst_msgs
