[0.232s] DEBUG:colcon:Command line arguments: ['/usr/bin/colcon', 'build', '--symlink-install']
[0.232s] DEBUG:colcon:Parsed command line arguments: Namespace(log_base=None, log_level=None, verb_name='build', build_base='build', install_base='install', merge_install=False, symlink_install=True, test_result_base=None, continue_on_error=False, executor='parallel', parallel_workers=8, event_handlers=None, ignore_user_meta=False, metas=['./colcon.meta'], base_paths=['.'], packages_ignore=None, packages_ignore_regex=None, paths=None, packages_up_to=None, packages_up_to_regex=None, packages_above=None, packages_above_and_dependencies=None, packages_above_depth=None, packages_select_by_dep=None, packages_skip_by_dep=None, packages_skip_up_to=None, packages_select_build_failed=False, packages_skip_build_finished=False, packages_select_test_failures=False, packages_skip_test_passed=False, packages_select=None, packages_skip=None, packages_select_regex=None, packages_skip_regex=None, packages_start=None, packages_end=None, cmake_args=None, cmake_target=None, cmake_target_skip_unavailable=False, cmake_clean_cache=False, cmake_clean_first=False, cmake_force_configure=False, ament_cmake_args=None, catkin_cmake_args=None, catkin_skip_building_tests=False, mixin_files=None, mixin=None, verb_parser=<colcon_mixin.mixin.mixin_argument.MixinArgumentDecorator object at 0x7f1a1080c520>, verb_extension=<colcon_core.verb.build.BuildVerb object at 0x7f1a1117ba60>, main=<bound method BuildVerb.main of <colcon_core.verb.build.BuildVerb object at 0x7f1a1117ba60>>, mixin_verb=('build',))
[0.252s] Level 1:colcon.colcon_core.package_discovery:discover_packages(colcon_meta) check parameters
[0.252s] Level 1:colcon.colcon_core.package_discovery:discover_packages(recursive) check parameters
[0.252s] Level 1:colcon.colcon_core.package_discovery:discover_packages(ignore) check parameters
[0.252s] Level 1:colcon.colcon_core.package_discovery:discover_packages(path) check parameters
[0.252s] Level 1:colcon.colcon_core.package_discovery:discover_packages(colcon_meta) discover
[0.252s] Level 1:colcon.colcon_core.package_discovery:discover_packages(recursive) discover
[0.252s] INFO:colcon.colcon_core.package_discovery:Crawling recursively for packages in '/home/user/ros2_ws/src/necst-msgs'
[0.252s] Level 1:colcon.colcon_core.package_identification:_identify(.) by extensions ['ignore', 'ignore_ament_install']
[0.252s] Level 1:colcon.colcon_core.package_identification:_identify(.) by extension 'ignore'
[0.252s] Level 1:colcon.colcon_core.package_identification:_identify(.) by extension 'ignore_ament_install'
[0.252s] Level 1:colcon.colcon_core.package_identification:_identify(.) by extensions ['colcon_pkg']
[0.252s] Level 1:colcon.colcon_core.package_identification:_identify(.) by extension 'colcon_pkg'
[0.252s] Level 1:colcon.colcon_core.package_identification:_identify(.) by extensions ['colcon_meta']
[0.252s] Level 1:colcon.colcon_core.package_identification:_identify(.) by extension 'colcon_meta'
[0.252s] Level 1:colcon.colcon_core.package_identification:_identify(.) by extensions ['ros']
[0.252s] Level 1:colcon.colcon_core.package_identification:_identify(.) by extension 'ros'
[0.263s] DEBUG:colcon.colcon_core.package_identification:Package '.' with type 'ros.ament_cmake' and name 'necst_msgs'
[0.263s] Level 1:colcon.colcon_core.package_discovery:discover_packages(recursive) using defaults
[0.263s] Level 1:colcon.colcon_core.package_discovery:discover_packages(ignore) discover
[0.263s] Level 1:colcon.colcon_core.package_discovery:discover_packages(ignore) using defaults
[0.263s] Level 1:colcon.colcon_core.package_discovery:discover_packages(path) discover
[0.263s] Level 1:colcon.colcon_core.package_discovery:discover_packages(path) using defaults
[0.294s] Level 5:colcon.colcon_core.verb:set package 'necst_msgs' build argument 'cmake_args' from command line to 'None'
[0.294s] Level 5:colcon.colcon_core.verb:set package 'necst_msgs' build argument 'cmake_target' from command line to 'None'
[0.294s] Level 5:colcon.colcon_core.verb:set package 'necst_msgs' build argument 'cmake_target_skip_unavailable' from command line to 'False'
[0.294s] Level 5:colcon.colcon_core.verb:set package 'necst_msgs' build argument 'cmake_clean_cache' from command line to 'False'
[0.294s] Level 5:colcon.colcon_core.verb:set package 'necst_msgs' build argument 'cmake_clean_first' from command line to 'False'
[0.294s] Level 5:colcon.colcon_core.verb:set package 'necst_msgs' build argument 'cmake_force_configure' from command line to 'False'
[0.294s] Level 5:colcon.colcon_core.verb:set package 'necst_msgs' build argument 'ament_cmake_args' from command line to 'None'
[0.294s] Level 5:colcon.colcon_core.verb:set package 'necst_msgs' build argument 'catkin_cmake_args' from command line to 'None'
[0.294s] Level 5:colcon.colcon_core.verb:set package 'necst_msgs' build argument 'catkin_skip_building_tests' from command line to 'False'
[0.294s] DEBUG:colcon.colcon_core.verb:Building package 'necst_msgs' with the following arguments: {'ament_cmake_args': None, 'build_base': '/home/user/ros2_ws/src/necst-msgs/build/necst_msgs', 'catkin_cmake_args': None, 'catkin_skip_building_tests': False, 'cmake_args': None, 'cmake_clean_cache': False, 'cmake_clean_first': False, 'cmake_force_configure': False, 'cmake_target': None, 'cmake_target_skip_unavailable': False, 'install_base': '/home/user/ros2_ws/src/necst-msgs/install/necst_msgs', 'merge_install': False, 'path': '/home/user/ros2_ws/src/necst-msgs', 'symlink_install': True, 'test_result_base': None}
[0.295s] INFO:colcon.colcon_core.executor:Executing jobs using 'parallel' executor
[0.298s] DEBUG:colcon.colcon_parallel_executor.executor.parallel:run_until_complete
[0.299s] INFO:colcon.colcon_ros.task.ament_cmake.build:Building ROS package in '/home/user/ros2_ws/src/necst-msgs' with build type 'ament_cmake'
[0.299s] INFO:colcon.colcon_cmake.task.cmake.build:Building CMake package in '/home/user/ros2_ws/src/necst-msgs'
[0.303s] INFO:colcon.colcon_core.plugin_system:Skipping extension 'colcon_core.shell.bat': Not used on non-Windows systems
[0.303s] INFO:colcon.colcon_core.shell:Skip shell extension 'powershell' for command environment: Not usable outside of PowerShell
[0.303s] DEBUG:colcon.colcon_core.shell:Skip shell extension 'dsv' for command environment
[0.312s] DEBUG:colcon.colcon_core.event_handler.log_command:Invoking command in '/home/user/ros2_ws/src/necst-msgs/build/necst_msgs': CMAKE_PREFIX_PATH=${CMAKE_PREFIX_PATH}:/opt/ros/humble /usr/bin/cmake /home/user/ros2_ws/src/necst-msgs -DAMENT_CMAKE_SYMLINK_INSTALL=1 -DCMAKE_INSTALL_PREFIX=/home/user/ros2_ws/src/necst-msgs/install/necst_msgs
[1.465s] DEBUG:colcon.colcon_core.event_handler.log_command:Invoked command in '/home/user/ros2_ws/src/necst-msgs/build/necst_msgs' returned '0': CMAKE_PREFIX_PATH=${CMAKE_PREFIX_PATH}:/opt/ros/humble /usr/bin/cmake /home/user/ros2_ws/src/necst-msgs -DAMENT_CMAKE_SYMLINK_INSTALL=1 -DCMAKE_INSTALL_PREFIX=/home/user/ros2_ws/src/necst-msgs/install/necst_msgs
[1.466s] DEBUG:colcon.colcon_core.event_handler.log_command:Invoking command in '/home/user/ros2_ws/src/necst-msgs/build/necst_msgs': CMAKE_PREFIX_PATH=${CMAKE_PREFIX_PATH}:/opt/ros/humble /usr/bin/cmake --build /home/user/ros2_ws/src/necst-msgs/build/necst_msgs -- -j8 -l8
[4.676s] DEBUG:colcon.colcon_core.event_handler.log_command:Invoked command in '/home/user/ros2_ws/src/necst-msgs/build/necst_msgs' returned '0': CMAKE_PREFIX_PATH=${CMAKE_PREFIX_PATH}:/opt/ros/humble /usr/bin/cmake --build /home/user/ros2_ws/src/necst-msgs/build/necst_msgs -- -j8 -l8
[4.750s] DEBUG:colcon.colcon_core.event_handler.log_command:Invoking command in '/home/user/ros2_ws/src/necst-msgs/build/necst_msgs': CMAKE_PREFIX_PATH=${CMAKE_PREFIX_PATH}:/opt/ros/humble /usr/bin/cmake --install /home/user/ros2_ws/src/necst-msgs/build/necst_msgs
[5.413s] Level 1:colcon.colcon_core.environment:create_environment_scripts_only(necst_msgs)
[5.414s] DEBUG:colcon.colcon_core.event_handler.log_command:Invoked command in '/home/user/ros2_ws/src/necst-msgs/build/necst_msgs' returned '0': CMAKE_PREFIX_PATH=${CMAKE_PREFIX_PATH}:/opt/ros/humble /usr/bin/cmake --install /home/user/ros2_ws/src/necst-msgs/build/necst_msgs
[5.418s] Level 1:colcon.colcon_core.environment:checking '/home/user/ros2_ws/src/necst-msgs/install/necst_msgs' for CMake module files
[5.419s] Level 1:colcon.colcon_core.environment:checking '/home/user/ros2_ws/src/necst-msgs/install/necst_msgs' for CMake config files
[5.419s] Level 1:colcon.colcon_core.shell:create_environment_hook('necst_msgs', 'cmake_prefix_path')
[5.420s] INFO:colcon.colcon_core.shell:Creating environment hook '/home/user/ros2_ws/src/necst-msgs/install/necst_msgs/share/necst_msgs/hook/cmake_prefix_path.ps1'
[5.421s] INFO:colcon.colcon_core.shell:Creating environment descriptor '/home/user/ros2_ws/src/necst-msgs/install/necst_msgs/share/necst_msgs/hook/cmake_prefix_path.dsv'
[5.421s] INFO:colcon.colcon_core.shell:Creating environment hook '/home/user/ros2_ws/src/necst-msgs/install/necst_msgs/share/necst_msgs/hook/cmake_prefix_path.sh'
[5.422s] Level 1:colcon.colcon_core.environment:checking '/home/user/ros2_ws/src/necst-msgs/install/necst_msgs/lib'
[5.422s] Level 1:colcon.colcon_core.shell:create_environment_hook('necst_msgs', 'ld_library_path_lib')
[5.423s] INFO:colcon.colcon_core.shell:Creating environment hook '/home/user/ros2_ws/src/necst-msgs/install/necst_msgs/share/necst_msgs/hook/ld_library_path_lib.ps1'
[5.424s] INFO:colcon.colcon_core.shell:Creating environment descriptor '/home/user/ros2_ws/src/necst-msgs/install/necst_msgs/share/necst_msgs/hook/ld_library_path_lib.dsv'
[5.424s] INFO:colcon.colcon_core.shell:Creating environment hook '/home/user/ros2_ws/src/necst-msgs/install/necst_msgs/share/necst_msgs/hook/ld_library_path_lib.sh'
[5.424s] Level 1:colcon.colcon_core.environment:checking '/home/user/ros2_ws/src/necst-msgs/install/necst_msgs/bin'
[5.424s] Level 1:colcon.colcon_core.environment:checking '/home/user/ros2_ws/src/necst-msgs/install/necst_msgs/lib/pkgconfig/necst_msgs.pc'
[5.425s] Level 1:colcon.colcon_core.environment:checking '/home/user/ros2_ws/src/necst-msgs/install/necst_msgs/lib/python3.10/site-packages'
[5.425s] Level 1:colcon.colcon_core.environment:checking '/home/user/ros2_ws/src/necst-msgs/install/necst_msgs/bin'
[5.426s] INFO:colcon.colcon_core.shell:Creating package script '/home/user/ros2_ws/src/necst-msgs/install/necst_msgs/share/necst_msgs/package.ps1'
[5.427s] INFO:colcon.colcon_core.shell:Creating package descriptor '/home/user/ros2_ws/src/necst-msgs/install/necst_msgs/share/necst_msgs/package.dsv'
[5.428s] INFO:colcon.colcon_core.shell:Creating package script '/home/user/ros2_ws/src/necst-msgs/install/necst_msgs/share/necst_msgs/package.sh'
[5.428s] INFO:colcon.colcon_core.shell:Creating package script '/home/user/ros2_ws/src/necst-msgs/install/necst_msgs/share/necst_msgs/package.bash'
[5.429s] INFO:colcon.colcon_core.shell:Creating package script '/home/user/ros2_ws/src/necst-msgs/install/necst_msgs/share/necst_msgs/package.zsh'
[5.429s] Level 1:colcon.colcon_core.environment:create_file_with_runtime_dependencies(/home/user/ros2_ws/src/necst-msgs/install/necst_msgs/share/colcon-core/packages/necst_msgs)
[5.494s] Level 1:colcon.colcon_core.environment:create_environment_scripts_only(necst_msgs)
[5.496s] Level 1:colcon.colcon_core.environment:checking '/home/user/ros2_ws/src/necst-msgs/install/necst_msgs' for CMake module files
[5.497s] Level 1:colcon.colcon_core.environment:checking '/home/user/ros2_ws/src/necst-msgs/install/necst_msgs' for CMake config files
[5.497s] Level 1:colcon.colcon_core.shell:create_environment_hook('necst_msgs', 'cmake_prefix_path')
[5.498s] INFO:colcon.colcon_core.shell:Creating environment hook '/home/user/ros2_ws/src/necst-msgs/install/necst_msgs/share/necst_msgs/hook/cmake_prefix_path.ps1'
[5.499s] INFO:colcon.colcon_core.shell:Creating environment descriptor '/home/user/ros2_ws/src/necst-msgs/install/necst_msgs/share/necst_msgs/hook/cmake_prefix_path.dsv'
[5.499s] INFO:colcon.colcon_core.shell:Creating environment hook '/home/user/ros2_ws/src/necst-msgs/install/necst_msgs/share/necst_msgs/hook/cmake_prefix_path.sh'
[5.499s] Level 1:colcon.colcon_core.environment:checking '/home/user/ros2_ws/src/necst-msgs/install/necst_msgs/lib'
[5.499s] Level 1:colcon.colcon_core.shell:create_environment_hook('necst_msgs', 'ld_library_path_lib')
[5.500s] INFO:colcon.colcon_core.shell:Creating environment hook '/home/user/ros2_ws/src/necst-msgs/install/necst_msgs/share/necst_msgs/hook/ld_library_path_lib.ps1'
[5.501s] INFO:colcon.colcon_core.shell:Creating environment descriptor '/home/user/ros2_ws/src/necst-msgs/install/necst_msgs/share/necst_msgs/hook/ld_library_path_lib.dsv'
[5.501s] INFO:colcon.colcon_core.shell:Creating environment hook '/home/user/ros2_ws/src/necst-msgs/install/necst_msgs/share/necst_msgs/hook/ld_library_path_lib.sh'
[5.501s] Level 1:colcon.colcon_core.environment:checking '/home/user/ros2_ws/src/necst-msgs/install/necst_msgs/bin'
[5.501s] Level 1:colcon.colcon_core.environment:checking '/home/user/ros2_ws/src/necst-msgs/install/necst_msgs/lib/pkgconfig/necst_msgs.pc'
[5.501s] Level 1:colcon.colcon_core.environment:checking '/home/user/ros2_ws/src/necst-msgs/install/necst_msgs/lib/python3.10/site-packages'
[5.502s] Level 1:colcon.colcon_core.environment:checking '/home/user/ros2_ws/src/necst-msgs/install/necst_msgs/bin'
[5.503s] INFO:colcon.colcon_core.shell:Creating package script '/home/user/ros2_ws/src/necst-msgs/install/necst_msgs/share/necst_msgs/package.ps1'
[5.503s] INFO:colcon.colcon_core.shell:Creating package descriptor '/home/user/ros2_ws/src/necst-msgs/install/necst_msgs/share/necst_msgs/package.dsv'
[5.503s] INFO:colcon.colcon_core.shell:Creating package script '/home/user/ros2_ws/src/necst-msgs/install/necst_msgs/share/necst_msgs/package.sh'
[5.504s] INFO:colcon.colcon_core.shell:Creating package script '/home/user/ros2_ws/src/necst-msgs/install/necst_msgs/share/necst_msgs/package.bash'
[5.504s] INFO:colcon.colcon_core.shell:Creating package script '/home/user/ros2_ws/src/necst-msgs/install/necst_msgs/share/necst_msgs/package.zsh'
[5.504s] Level 1:colcon.colcon_core.environment:create_file_with_runtime_dependencies(/home/user/ros2_ws/src/necst-msgs/install/necst_msgs/share/colcon-core/packages/necst_msgs)
[5.504s] DEBUG:colcon.colcon_parallel_executor.executor.parallel:closing loop
[5.505s] DEBUG:colcon.colcon_parallel_executor.executor.parallel:loop closed
[5.505s] DEBUG:colcon.colcon_parallel_executor.executor.parallel:run_until_complete finished with '0'
[5.505s] DEBUG:colcon.colcon_core.event_reactor:joining thread
[5.512s] INFO:colcon.colcon_core.plugin_system:Skipping extension 'colcon_notification.desktop_notification.notify_send': Could not find 'notify-send'
[5.512s] INFO:colcon.colcon_core.plugin_system:Skipping extension 'colcon_notification.desktop_notification.terminal_notifier': Not used on non-Darwin systems
[5.512s] INFO:colcon.colcon_core.plugin_system:Skipping extension 'colcon_notification.desktop_notification.win32': Not used on non-Windows systems
[5.512s] INFO:colcon.colcon_notification.desktop_notification:Sending desktop notification using 'notify2'
[5.512s] DEBUG:colcon.colcon_notification.desktop_notification.notify2:Failed to initialize notify2: org.freedesktop.DBus.Error.NotSupported: Unable to autolaunch a dbus-daemon without a $DISPLAY for X11
[5.512s] DEBUG:colcon.colcon_core.event_reactor:joined thread
[5.513s] INFO:colcon.colcon_core.shell:Creating prefix script '/home/user/ros2_ws/src/necst-msgs/install/local_setup.ps1'
[5.514s] INFO:colcon.colcon_core.shell:Creating prefix util module '/home/user/ros2_ws/src/necst-msgs/install/_local_setup_util_ps1.py'
[5.515s] INFO:colcon.colcon_core.shell:Creating prefix chain script '/home/user/ros2_ws/src/necst-msgs/install/setup.ps1'
[5.516s] INFO:colcon.colcon_core.shell:Creating prefix script '/home/user/ros2_ws/src/necst-msgs/install/local_setup.sh'
[5.516s] INFO:colcon.colcon_core.shell:Creating prefix util module '/home/user/ros2_ws/src/necst-msgs/install/_local_setup_util_sh.py'
[5.517s] INFO:colcon.colcon_core.shell:Creating prefix chain script '/home/user/ros2_ws/src/necst-msgs/install/setup.sh'
[5.518s] INFO:colcon.colcon_core.shell:Creating prefix script '/home/user/ros2_ws/src/necst-msgs/install/local_setup.bash'
[5.518s] INFO:colcon.colcon_core.shell:Creating prefix chain script '/home/user/ros2_ws/src/necst-msgs/install/setup.bash'
[5.519s] INFO:colcon.colcon_core.shell:Creating prefix script '/home/user/ros2_ws/src/necst-msgs/install/local_setup.zsh'
[5.519s] INFO:colcon.colcon_core.shell:Creating prefix chain script '/home/user/ros2_ws/src/necst-msgs/install/setup.zsh'
